<!DOCTYPE html PUBLIC "-//W3C//DTD XHTML 1.1//EN" "http://www.w3.org/TR/xhtml11/DTD/xhtml11.dtd">
<html xmlns="http://www.w3.org/1999/xhtml">
<head>
<meta http-equiv="content-type" content="text/html; charset=UTF-8"/>
<title>TestNG Report</title>
<style type="text/css">table {margin-bottom:10px;border-collapse:collapse;empty-cells:show}th,td {border:1px solid #009;padding:.25em .5em}th {vertical-align:bottom}td {vertical-align:top}table a {font-weight:bold}.stripe td {background-color: #E6EBF9}.num {text-align:right}.passedodd td {background-color: #3F3}.passedeven td {background-color: #0A0}.skippedodd td {background-color: #DDD}.skippedeven td {background-color: #CCC}.failedodd td,.attn {background-color: #F33}.failedeven td,.stripe .attn {background-color: #D00}.stacktrace {white-space:pre;font-family:monospace}.totop {font-size:85%;text-align:center;border-bottom:2px solid #000}.invisible {display:none}</style>
</head>
<body>
<table>
<tr><th>Test</th><th># Passed</th><th># Skipped</th><th># Retried</th><th># Failed</th><th>Time (ms)</th><th>Included Groups</th><th>Excluded Groups</th></tr>
<tr><th colspan="8">TFG Hobbs MVA Phase</th></tr>
<tr><td><a href="#t0">Chrome Browser Execution</a></td><td class="num">0</td><td class="num">0</td><td class="num">0</td><td class="num attn">12</td><td class="num">49,945</td><td></td><td></td></tr>
</table>
<table id='summary'><thead><tr><th>Class</th><th>Method</th><th>Start</th><th>Time (ms)</th></tr></thead><tbody><tr><th colspan="4">TFG Hobbs MVA Phase</th></tr></tbody><tbody id="t0"><tr><th colspan="4">Chrome Browser Execution &#8212; failed</th></tr><tr class="failedeven"><td rowspan="12">runner.RunTestNGTest</td><td><a href="#m0">runScenario</a></td><td rowspan="12">1661230558146</td><td rowspan="12">33</td></tr><tr class="failedeven"><td><a href="#m1">runScenario</a></td></tr><tr class="failedeven"><td><a href="#m2">runScenario</a></td></tr><tr class="failedeven"><td><a href="#m3">runScenario</a></td></tr><tr class="failedeven"><td><a href="#m4">runScenario</a></td></tr><tr class="failedeven"><td><a href="#m5">runScenario</a></td></tr><tr class="failedeven"><td><a href="#m6">runScenario</a></td></tr><tr class="failedeven"><td><a href="#m7">runScenario</a></td></tr><tr class="failedeven"><td><a href="#m8">runScenario</a></td></tr><tr class="failedeven"><td><a href="#m9">runScenario</a></td></tr><tr class="failedeven"><td><a href="#m10">runScenario</a></td></tr><tr class="failedeven"><td><a href="#m11">runScenario</a></td></tr></tbody>
</table>
<h2>Chrome Browser Execution</h2><h3 id="m0">runner.RunTestNGTest#runScenario</h3><table class="result"><tr class="param"><th>Parameter #1</th><th>Parameter #2</th></tr><tr class="param stripe"><td>&quot;Click on payment CTA and lands on confirmation page&quot;</td><td>&quot;GuestCustomer_NoFilters_PayByCard_AUS&quot;</td></tr><tr><th colspan="2">Exception</th></tr><tr><td colspan="2"><div class="stacktrace">java.lang.AssertionError: expected [true] but found [false]
	at stepdefs.CheckoutPaymentStepDefinition.user_clicks_on_place_order_and_pay_securely_cta(CheckoutPaymentStepDefinition.java:128)
	at ✽.user clicks on place order and pay securely CTA(file:///C:/Users/Administrator/eclipse-workspace/TFGHobbs/src/test/resources/features/GuestCustomer_NoFilters_PayByCard_AUS.feature:79)
... Removed 4 stack frames</div></td></tr></table><p class="totop"><a href="#summary">back to summary</a></p>
<h3 id="m1">runner.RunTestNGTest#runScenario</h3><table class="result"><tr class="param"><th>Parameter #1</th><th>Parameter #2</th></tr><tr class="param stripe"><td>&quot;Select random size on PDP&quot;</td><td>&quot;GuestCustomer_NoFilters_PayByCard_AUS&quot;</td></tr><tr><th colspan="2">Exception</th></tr><tr><td colspan="2"><div class="stacktrace">java.lang.AssertionError: expected [true] but found [false]
	at stepdefs.PLPStepDefinition.select_random_size_from_PLP(PLPStepDefinition.java:881)
	at ✽.user selects randon size for the product(file:///C:/Users/Administrator/eclipse-workspace/TFGHobbs/src/test/resources/features/GuestCustomer_NoFilters_PayByCard_AUS.feature:26)
... Removed 4 stack frames</div></td></tr></table><p class="totop"><a href="#summary">back to summary</a></p>
<h3 id="m2">runner.RunTestNGTest#runScenario</h3><table class="result"><tr class="param"><th>Parameter #1</th><th>Parameter #2</th></tr><tr class="param stripe"><td>&quot;Go to bag page&quot;</td><td>&quot;GuestCustomer_NoFilters_PayByCard_AUS&quot;</td></tr><tr><th colspan="2">Exception</th></tr><tr><td colspan="2"><div class="stacktrace">java.lang.AssertionError: expected [true] but found [false]
	at stepdefs.PDPStepDefinition.user_clicks_on_view_bag(PDPStepDefinition.java:159)
	at ✽.user clicks on view bag(file:///C:/Users/Administrator/eclipse-workspace/TFGHobbs/src/test/resources/features/GuestCustomer_NoFilters_PayByCard_AUS.feature:31)
... Removed 4 stack frames</div></td></tr></table><p class="totop"><a href="#summary">back to summary</a></p>
<h3 id="m3">runner.RunTestNGTest#runScenario</h3><table class="result"><tr class="param"><th>Parameter #1</th><th>Parameter #2</th></tr><tr class="param stripe"><td>&quot;Proceed to payment page&quot;</td><td>&quot;GuestCustomer_NoFilters_PayByCard_AUS&quot;</td></tr><tr><th colspan="2">Exception</th></tr><tr><td colspan="2"><div class="stacktrace">java.lang.AssertionError: expected [true] but found [false]
	at stepdefs.CheckoutDeliveryStepDefinition.user_clicks_on_continue_to_payment_cta_button(CheckoutDeliveryStepDefinition.java:152)
	at ✽.user clicks on continue to Payment CTA button(file:///C:/Users/Administrator/eclipse-workspace/TFGHobbs/src/test/resources/features/GuestCustomer_NoFilters_PayByCard_AUS.feature:63)
... Removed 4 stack frames</div></td></tr></table><p class="totop"><a href="#summary">back to summary</a></p>
<h3 id="m4">runner.RunTestNGTest#runScenario</h3><table class="result"><tr class="param"><th>Parameter #1</th><th>Parameter #2</th></tr><tr class="param stripe"><td>&quot;Enter customer details&quot;</td><td>&quot;GuestCustomer_NoFilters_PayByCard_AUS&quot;</td></tr><tr><th colspan="2">Exception</th></tr><tr><td colspan="2"><div class="stacktrace">java.lang.AssertionError: expected [true] but found [false]
	at stepdefs.CheckoutDeliveryStepDefinition.user_enters_the_customer_details(CheckoutDeliveryStepDefinition.java:210)
	at ✽.user enters the customer details for &quot;AU&quot;(file:///C:/Users/Administrator/eclipse-workspace/TFGHobbs/src/test/resources/features/GuestCustomer_NoFilters_PayByCard_AUS.feature:50)
... Removed 4 stack frames</div></td></tr></table><p class="totop"><a href="#summary">back to summary</a></p>
<h3 id="m5">runner.RunTestNGTest#runScenario</h3><table class="result"><tr class="param"><th>Parameter #1</th><th>Parameter #2</th></tr><tr class="param stripe"><td>&quot;Pay by Card&quot;</td><td>&quot;GuestCustomer_NoFilters_PayByCard_AUS&quot;</td></tr><tr><th colspan="2">Exception</th></tr><tr><td colspan="2"><div class="stacktrace">java.lang.AssertionError: expected [true] but found [false]
	at stepdefs.CheckoutPaymentStepDefinition.user_selects_payment_type_payment_method(CheckoutPaymentStepDefinition.java:59)
	at ✽.user selects &lt;PaymentType&gt; payment method(file:///C:/Users/Administrator/eclipse-workspace/TFGHobbs/src/test/resources/features/GuestCustomer_NoFilters_PayByCard_AUS.feature:68)
... Removed 4 stack frames</div></td></tr></table><p class="totop"><a href="#summary">back to summary</a></p>
<h3 id="m6">runner.RunTestNGTest#runScenario</h3><table class="result"><tr class="param"><th>Parameter #1</th><th>Parameter #2</th></tr><tr class="param stripe"><td>&quot;Select home delivery&quot;</td><td>&quot;GuestCustomer_NoFilters_PayByCard_AUS&quot;</td></tr><tr><th colspan="2">Exception</th></tr><tr><td colspan="2"><div class="stacktrace">java.lang.AssertionError: expected [true] but found [false]
	at stepdefs.CheckoutDeliveryStepDefinition.user_selects_default_delivery_method(CheckoutDeliveryStepDefinition.java:188)
	at ✽.user selects default delivery method(file:///C:/Users/Administrator/eclipse-workspace/TFGHobbs/src/test/resources/features/GuestCustomer_NoFilters_PayByCard_AUS.feature:58)
... Removed 4 stack frames</div></td></tr></table><p class="totop"><a href="#summary">back to summary</a></p>
<h3 id="m7">runner.RunTestNGTest#runScenario</h3><table class="result"><tr class="param"><th>Parameter #1</th><th>Parameter #2</th></tr><tr class="param stripe"><td>&quot;Search Product in Homepage and Land on PDP&quot;</td><td>&quot;GuestCustomer_NoFilters_PayByCard_AUS&quot;</td></tr><tr><th colspan="2">Exception</th></tr><tr><td colspan="2"><div class="stacktrace">java.lang.AssertionError: expected [true] but found [false]
	at stepdefs.PDPStepDefinition.user_searches_for_product_from_HomePage_and_lands_on_PDP(PDPStepDefinition.java:104)
	at ✽.user searches for product from HomePage and lands on PDP(file:///C:/Users/Administrator/eclipse-workspace/TFGHobbs/src/test/resources/features/GuestCustomer_NoFilters_PayByCard_AUS.feature:20)
... Removed 4 stack frames</div></td></tr></table><p class="totop"><a href="#summary">back to summary</a></p>
<h3 id="m8">runner.RunTestNGTest#runScenario</h3><table class="result"><tr class="param"><th>Parameter #1</th><th>Parameter #2</th></tr><tr class="param stripe"><td>&quot;Return to HP&quot;</td><td>&quot;GuestCustomer_NoFilters_PayByCard_AUS&quot;</td></tr><tr><th colspan="2">Exception</th></tr><tr><td colspan="2"><div class="stacktrace">org.openqa.selenium.NoSuchSessionException: Session ID is null. Using WebDriver after calling quit()?
Build info: version: &apos;4.1.3&apos;, revision: &apos;7b1ebf28ef&apos;
System info: host: &apos;EC2AMAZ-C4MGU7T&apos;, ip: &apos;172.28.16.1&apos;, os.name: &apos;Windows Server 2019&apos;, os.arch: &apos;amd64&apos;, os.version: &apos;10.0&apos;, java.version: &apos;15.0.2&apos;
Driver info: org.openqa.selenium.chrome.ChromeDriver
Command: [null, findElement {using=xpath, value=//a[@class=&apos;navbar-header__logo-link&apos;]//img[@class=&apos;logo loading&apos;]}]
Capabilities {acceptInsecureCerts: false, browserName: chrome, browserVersion: 104.0.5112.102, chrome: {chromedriverVersion: 104.0.5112.79 (3cf3e8c8a07d..., userDataDir: C:\Users\ADMINI~1\AppData\L...}, goog:chromeOptions: {debuggerAddress: localhost:57296}, javascriptEnabled: true, networkConnectionEnabled: false, pageLoadStrategy: normal, platform: WINDOWS, platformName: WINDOWS, proxy: Proxy(), se:cdp: ws://localhost:57296/devtoo..., se:cdpVersion: 104.0.5112.102, setWindowRect: true, strictFileInteractability: false, timeouts: {implicit: 0, pageLoad: 300000, script: 30000}, unhandledPromptBehavior: dismiss and notify, webauthn:extension:credBlob: true, webauthn:extension:largeBlob: true, webauthn:virtualAuthenticators: true}
	at org.openqa.selenium.remote.HttpCommandExecutor.execute(HttpCommandExecutor.java:145)
	at org.openqa.selenium.remote.service.DriverCommandExecutor.invokeExecute(DriverCommandExecutor.java:167)
	at org.openqa.selenium.remote.service.DriverCommandExecutor.execute(DriverCommandExecutor.java:142)
	at org.openqa.selenium.remote.RemoteWebDriver.execute(RemoteWebDriver.java:567)
	at org.openqa.selenium.remote.ElementLocation$ElementFinder$2.findElement(ElementLocation.java:162)
	at org.openqa.selenium.remote.ElementLocation.findElement(ElementLocation.java:60)
	at org.openqa.selenium.remote.RemoteWebDriver.findElement(RemoteWebDriver.java:385)
	at org.openqa.selenium.remote.RemoteWebDriver.findElement(RemoteWebDriver.java:377)
	at org.openqa.selenium.support.pagefactory.DefaultElementLocator.findElement(DefaultElementLocator.java:70)
	at org.openqa.selenium.support.pagefactory.internal.LocatingElementHandler.invoke(LocatingElementHandler.java:39)
	at com.sun.proxy.$Proxy20.isDisplayed(Unknown Source)
	at stepdefs.HomePageStepDefinition.user_clicks_on_brand_logo(HomePageStepDefinition.java:344)
	at ✽.user clicks on brand logo(file:///C:/Users/Administrator/eclipse-workspace/TFGHobbs/src/test/resources/features/GuestCustomer_NoFilters_PayByCard_AUS.feature:84)
</div></td></tr></table><p class="totop"><a href="#summary">back to summary</a></p>
<h3 id="m9">runner.RunTestNGTest#runScenario</h3><table class="result"><tr class="param"><th>Parameter #1</th><th>Parameter #2</th></tr><tr class="param stripe"><td>&quot;Click on checkout securely&quot;</td><td>&quot;GuestCustomer_NoFilters_PayByCard_AUS&quot;</td></tr><tr><th colspan="2">Exception</th></tr><tr><td colspan="2"><div class="stacktrace">java.lang.AssertionError: expected [true] but found [false]
	at stepdefs.BasketStepDefinition.user_clicks_on_check_out_securely_button(BasketStepDefinition.java:57)
	at ✽.user clicks on check out securely button(file:///C:/Users/Administrator/eclipse-workspace/TFGHobbs/src/test/resources/features/GuestCustomer_NoFilters_PayByCard_AUS.feature:36)
... Removed 4 stack frames</div></td></tr></table><p class="totop"><a href="#summary">back to summary</a></p>
<h3 id="m10">runner.RunTestNGTest#runScenario</h3><table class="result"><tr class="param"><th>Parameter #1</th><th>Parameter #2</th></tr><tr class="param stripe"><td>&quot;Checkout as guest with non-registered email address&quot;</td><td>&quot;GuestCustomer_NoFilters_PayByCard_AUS&quot;</td></tr><tr><th colspan="2">Exception</th></tr><tr><td colspan="2"><div class="stacktrace">java.lang.AssertionError: expected [true] but found [false]
	at stepdefs.CheckoutLoginStepDefinition.user_enters_an_email_id_on_check_out_login_page(CheckoutLoginStepDefinition.java:89)
	at ✽.user enters an &lt;EmailID&gt; on check out login page(file:///C:/Users/Administrator/eclipse-workspace/TFGHobbs/src/test/resources/features/GuestCustomer_NoFilters_PayByCard_AUS.feature:41)
... Removed 4 stack frames</div></td></tr></table><p class="totop"><a href="#summary">back to summary</a></p>
<h3 id="m11">runner.RunTestNGTest#runScenario</h3><table class="result"><tr class="param"><th>Parameter #1</th><th>Parameter #2</th></tr><tr class="param stripe"><td>&quot;Land on Home page&quot;</td><td>&quot;GuestCustomer_NoFilters_PayByCard_AUS&quot;</td></tr><tr><th colspan="2">Exception</th></tr><tr><td colspan="2"><div class="stacktrace">java.lang.AssertionError: expected [true] but found [false]
	at stepdefs.HomePageStepDefinition.user_is_on_home_page(HomePageStepDefinition.java:205)
	at ✽.user is on home page for website &quot;AU&quot;(file:///C:/Users/Administrator/eclipse-workspace/TFGHobbs/src/test/resources/features/GuestCustomer_NoFilters_PayByCard_AUS.feature:10)
... Removed 4 stack frames</div></td></tr></table><p class="totop"><a href="#summary">back to summary</a></p>
</body>
</html>
