<!DOCTYPE html>

<html>
  <head>
  <meta charset='utf-8'>
  <title>TestNG reports</title>

    <link type="text/css" href="testng-reports.css" rel="stylesheet" />
    <script type="text/javascript" src="jquery-3.4.1.min.js"></script>
    <script type="text/javascript" src="testng-reports.js"></script>
    <script type="text/javascript" src="https://www.google.com/jsapi"></script>
    <script type='text/javascript'>
      google.load('visualization', '1', {packages:['table']});
      google.setOnLoadCallback(drawTable);
      var suiteTableInitFunctions = new Array();
      var suiteTableData = new Array();
    </script>
    <!--
      <script type="text/javascript" src="jquery-ui/js/jquery-ui-1.8.16.custom.min.js"></script>
     -->
  </head>

  <body>
    <div class="top-banner-root">
      <span class="top-banner-title-font">Test results</span>
      <br/>
      <span class="top-banner-font-1">1 suite, 12 failed tests</span>
    </div> <!-- top-banner-root -->
    <div class="navigator-root">
      <div class="navigator-suite-header">
        <span>All suites</span>
        <a href="#" title="Collapse/expand all the suites" class="collapse-all-link">
          <img src="collapseall.gif" class="collapse-all-icon">
          </img> <!-- collapse-all-icon -->
        </a> <!-- collapse-all-link -->
      </div> <!-- navigator-suite-header -->
      <div class="suite">
        <div class="rounded-window">
          <div class="suite-header light-rounded-window-top">
            <a href="#" panel-name="suite-TFG_Hobbs_MVA_Phase" class="navigator-link">
              <span class="suite-name border-failed">TFG Hobbs MVA Phase</span>
            </a> <!-- navigator-link -->
          </div> <!-- suite-header light-rounded-window-top -->
          <div class="navigator-suite-content">
            <div class="suite-section-title">
              <span>Info</span>
            </div> <!-- suite-section-title -->
            <div class="suite-section-content">
              <ul>
                <li>
                  <a href="#" panel-name="test-xml-TFG_Hobbs_MVA_Phase" class="navigator-link ">
                    <span>C:\Users\Administrator\eclipse-workspace\TFGHobbs\src\test\resources\testng.xml</span>
                  </a> <!-- navigator-link  -->
                </li>
                <li>
                  <a href="#" panel-name="testlist-TFG_Hobbs_MVA_Phase" class="navigator-link ">
                    <span class="test-stats">1 test</span>
                  </a> <!-- navigator-link  -->
                </li>
                <li>
                  <a href="#" panel-name="group-TFG_Hobbs_MVA_Phase" class="navigator-link ">
                    <span>1 group</span>
                  </a> <!-- navigator-link  -->
                </li>
                <li>
                  <a href="#" panel-name="times-TFG_Hobbs_MVA_Phase" class="navigator-link ">
                    <span>Times</span>
                  </a> <!-- navigator-link  -->
                </li>
                <li>
                  <a href="#" panel-name="reporter-TFG_Hobbs_MVA_Phase" class="navigator-link ">
                    <span>Reporter output</span>
                  </a> <!-- navigator-link  -->
                </li>
                <li>
                  <a href="#" panel-name="ignored-methods-TFG_Hobbs_MVA_Phase" class="navigator-link ">
                    <span>Ignored methods</span>
                  </a> <!-- navigator-link  -->
                </li>
                <li>
                  <a href="#" panel-name="chronological-TFG_Hobbs_MVA_Phase" class="navigator-link ">
                    <span>Chronological view</span>
                  </a> <!-- navigator-link  -->
                </li>
              </ul>
            </div> <!-- suite-section-content -->
            <div class="result-section">
              <div class="suite-section-title">
                <span>Results</span>
              </div> <!-- suite-section-title -->
              <div class="suite-section-content">
                <ul>
                  <li>
                    <span class="method-stats">12 methods, 12 failed,   </span>
                  </li>
                  <li>
                    <span class="method-list-title failed">Failed methods</span>
                    <span class="show-or-hide-methods failed">
                      <a href="#" panel-name="suite-TFG_Hobbs_MVA_Phase" class="hide-methods failed suite-TFG_Hobbs_MVA_Phase"> (hide)</a> <!-- hide-methods failed suite-TFG_Hobbs_MVA_Phase -->
                      <a href="#" panel-name="suite-TFG_Hobbs_MVA_Phase" class="show-methods failed suite-TFG_Hobbs_MVA_Phase"> (show)</a> <!-- show-methods failed suite-TFG_Hobbs_MVA_Phase -->
                    </span>
                    <div class="method-list-content failed suite-TFG_Hobbs_MVA_Phase">
                      <span>
                        <img src="failed.png" width="3%"/>
                        <a href="#" panel-name="suite-TFG_Hobbs_MVA_Phase" title="runner.RunTestNGTest" class="method navigator-link" hash-for-method="runScenario(&quot;Click on payment CTA and lands on confirmation page&quot;, &quot;GuestCustomer_NoFilters_PayByCard_AUS&quot;)">runScenario("Click on payment CTA and lands on confirmation page", "GuestCustomer_NoFilters_PayByCard_AUS")</a> <!-- method navigator-link -->
                      </span>
                      <br/>
                      <span>
                        <img src="failed.png" width="3%"/>
                        <a href="#" panel-name="suite-TFG_Hobbs_MVA_Phase" title="runner.RunTestNGTest" class="method navigator-link" hash-for-method="runScenario(&quot;Select random size on PDP&quot;, &quot;GuestCustomer_NoFilters_PayByCard_AUS&quot;)">runScenario("Select random size on PDP", "GuestCustomer_NoFilters_PayByCard_AUS")</a> <!-- method navigator-link -->
                      </span>
                      <br/>
                      <span>
                        <img src="failed.png" width="3%"/>
                        <a href="#" panel-name="suite-TFG_Hobbs_MVA_Phase" title="runner.RunTestNGTest" class="method navigator-link" hash-for-method="runScenario(&quot;Go to bag page&quot;, &quot;GuestCustomer_NoFilters_PayByCard_AUS&quot;)">runScenario("Go to bag page", "GuestCustomer_NoFilters_PayByCard_AUS")</a> <!-- method navigator-link -->
                      </span>
                      <br/>
                      <span>
                        <img src="failed.png" width="3%"/>
                        <a href="#" panel-name="suite-TFG_Hobbs_MVA_Phase" title="runner.RunTestNGTest" class="method navigator-link" hash-for-method="runScenario(&quot;Proceed to payment page&quot;, &quot;GuestCustomer_NoFilters_PayByCard_AUS&quot;)">runScenario("Proceed to payment page", "GuestCustomer_NoFilters_PayByCard_AUS")</a> <!-- method navigator-link -->
                      </span>
                      <br/>
                      <span>
                        <img src="failed.png" width="3%"/>
                        <a href="#" panel-name="suite-TFG_Hobbs_MVA_Phase" title="runner.RunTestNGTest" class="method navigator-link" hash-for-method="runScenario(&quot;Enter customer details&quot;, &quot;GuestCustomer_NoFilters_PayByCard_AUS&quot;)">runScenario("Enter customer details", "GuestCustomer_NoFilters_PayByCard_AUS")</a> <!-- method navigator-link -->
                      </span>
                      <br/>
                      <span>
                        <img src="failed.png" width="3%"/>
                        <a href="#" panel-name="suite-TFG_Hobbs_MVA_Phase" title="runner.RunTestNGTest" class="method navigator-link" hash-for-method="runScenario(&quot;Pay by Card&quot;, &quot;GuestCustomer_NoFilters_PayByCard_AUS&quot;)">runScenario("Pay by Card", "GuestCustomer_NoFilters_PayByCard_AUS")</a> <!-- method navigator-link -->
                      </span>
                      <br/>
                      <span>
                        <img src="failed.png" width="3%"/>
                        <a href="#" panel-name="suite-TFG_Hobbs_MVA_Phase" title="runner.RunTestNGTest" class="method navigator-link" hash-for-method="runScenario(&quot;Select home delivery&quot;, &quot;GuestCustomer_NoFilters_PayByCard_AUS&quot;)">runScenario("Select home delivery", "GuestCustomer_NoFilters_PayByCard_AUS")</a> <!-- method navigator-link -->
                      </span>
                      <br/>
                      <span>
                        <img src="failed.png" width="3%"/>
                        <a href="#" panel-name="suite-TFG_Hobbs_MVA_Phase" title="runner.RunTestNGTest" class="method navigator-link" hash-for-method="runScenario(&quot;Search Product in Homepage and Land on PDP&quot;, &quot;GuestCustomer_NoFilters_PayByCard_AUS&quot;)">runScenario("Search Product in Homepage and Land on PDP", "GuestCustomer_NoFilters_PayByCard_AUS")</a> <!-- method navigator-link -->
                      </span>
                      <br/>
                      <span>
                        <img src="failed.png" width="3%"/>
                        <a href="#" panel-name="suite-TFG_Hobbs_MVA_Phase" title="runner.RunTestNGTest" class="method navigator-link" hash-for-method="runScenario(&quot;Return to HP&quot;, &quot;GuestCustomer_NoFilters_PayByCard_AUS&quot;)">runScenario("Return to HP", "GuestCustomer_NoFilters_PayByCard_AUS")</a> <!-- method navigator-link -->
                      </span>
                      <br/>
                      <span>
                        <img src="failed.png" width="3%"/>
                        <a href="#" panel-name="suite-TFG_Hobbs_MVA_Phase" title="runner.RunTestNGTest" class="method navigator-link" hash-for-method="runScenario(&quot;Click on checkout securely&quot;, &quot;GuestCustomer_NoFilters_PayByCard_AUS&quot;)">runScenario("Click on checkout securely", "GuestCustomer_NoFilters_PayByCard_AUS")</a> <!-- method navigator-link -->
                      </span>
                      <br/>
                      <span>
                        <img src="failed.png" width="3%"/>
                        <a href="#" panel-name="suite-TFG_Hobbs_MVA_Phase" title="runner.RunTestNGTest" class="method navigator-link" hash-for-method="runScenario(&quot;Checkout as guest with non-registered email address&quot;, &quot;GuestCustomer_NoFilters_PayByCard_AUS&quot;)">runScenario("Checkout as guest with non-registered email address", "GuestCustomer_NoFilters_PayByCard_AUS")</a> <!-- method navigator-link -->
                      </span>
                      <br/>
                      <span>
                        <img src="failed.png" width="3%"/>
                        <a href="#" panel-name="suite-TFG_Hobbs_MVA_Phase" title="runner.RunTestNGTest" class="method navigator-link" hash-for-method="runScenario(&quot;Land on Home page&quot;, &quot;GuestCustomer_NoFilters_PayByCard_AUS&quot;)">runScenario("Land on Home page", "GuestCustomer_NoFilters_PayByCard_AUS")</a> <!-- method navigator-link -->
                      </span>
                      <br/>
                    </div> <!-- method-list-content failed suite-TFG_Hobbs_MVA_Phase -->
                  </li>
                </ul>
              </div> <!-- suite-section-content -->
            </div> <!-- result-section -->
          </div> <!-- navigator-suite-content -->
        </div> <!-- rounded-window -->
      </div> <!-- suite -->
    </div> <!-- navigator-root -->
    <div class="wrapper">
      <div class="main-panel-root">
        <div panel-name="suite-TFG_Hobbs_MVA_Phase" class="panel TFG_Hobbs_MVA_Phase">
          <div class="suite-TFG_Hobbs_MVA_Phase-class-failed">
            <div class="main-panel-header rounded-window-top">
              <img src="failed.png"/>
              <span class="class-name">runner.RunTestNGTest</span>
            </div> <!-- main-panel-header rounded-window-top -->
            <div class="main-panel-content rounded-window-bottom">
              <div class="method">
                <div class="method-content">
                  <a name="runScenario(&quot;Click on payment CTA and lands on confirmation page&quot;, &quot;GuestCustomer_NoFilters_PayByCard_AUS&quot;)">
                  </a> <!-- runScenario("Click on payment CTA and lands on confirmation page", "GuestCustomer_NoFilters_PayByCard_AUS") -->
                  <span class="method-name">runScenario</span>
                  <span class="parameters">("Click on payment CTA and lands on confirmation page", "GuestCustomer_NoFilters_PayByCard_AUS")</span>
                  <div class="stack-trace">java.lang.AssertionError: expected [true] but found [false]
	at stepdefs.CheckoutPaymentStepDefinition.user_clicks_on_place_order_and_pay_securely_cta(CheckoutPaymentStepDefinition.java:128)
	at ✽.user clicks on place order and pay securely CTA(file:///C:/Users/Administrator/eclipse-workspace/TFGHobbs/src/test/resources/features/GuestCustomer_NoFilters_PayByCard_AUS.feature:79)
... Removed 4 stack frames
</div> <!-- stack-trace -->
                  <em>
(Runs Cucumber Scenarios)                  </em>
                </div> <!-- method-content -->
              </div> <!-- method -->
              <div class="method">
                <div class="method-content">
                  <a name="runScenario(&quot;Select random size on PDP&quot;, &quot;GuestCustomer_NoFilters_PayByCard_AUS&quot;)">
                  </a> <!-- runScenario("Select random size on PDP", "GuestCustomer_NoFilters_PayByCard_AUS") -->
                  <span class="method-name">runScenario</span>
                  <span class="parameters">("Select random size on PDP", "GuestCustomer_NoFilters_PayByCard_AUS")</span>
                  <div class="stack-trace">java.lang.AssertionError: expected [true] but found [false]
	at stepdefs.PLPStepDefinition.select_random_size_from_PLP(PLPStepDefinition.java:881)
	at ✽.user selects randon size for the product(file:///C:/Users/Administrator/eclipse-workspace/TFGHobbs/src/test/resources/features/GuestCustomer_NoFilters_PayByCard_AUS.feature:26)
... Removed 4 stack frames
</div> <!-- stack-trace -->
                  <em>
(Runs Cucumber Scenarios)                  </em>
                </div> <!-- method-content -->
              </div> <!-- method -->
              <div class="method">
                <div class="method-content">
                  <a name="runScenario(&quot;Go to bag page&quot;, &quot;GuestCustomer_NoFilters_PayByCard_AUS&quot;)">
                  </a> <!-- runScenario("Go to bag page", "GuestCustomer_NoFilters_PayByCard_AUS") -->
                  <span class="method-name">runScenario</span>
                  <span class="parameters">("Go to bag page", "GuestCustomer_NoFilters_PayByCard_AUS")</span>
                  <div class="stack-trace">java.lang.AssertionError: expected [true] but found [false]
	at stepdefs.PDPStepDefinition.user_clicks_on_view_bag(PDPStepDefinition.java:159)
	at ✽.user clicks on view bag(file:///C:/Users/Administrator/eclipse-workspace/TFGHobbs/src/test/resources/features/GuestCustomer_NoFilters_PayByCard_AUS.feature:31)
... Removed 4 stack frames
</div> <!-- stack-trace -->
                  <em>
(Runs Cucumber Scenarios)                  </em>
                </div> <!-- method-content -->
              </div> <!-- method -->
              <div class="method">
                <div class="method-content">
                  <a name="runScenario(&quot;Proceed to payment page&quot;, &quot;GuestCustomer_NoFilters_PayByCard_AUS&quot;)">
                  </a> <!-- runScenario("Proceed to payment page", "GuestCustomer_NoFilters_PayByCard_AUS") -->
                  <span class="method-name">runScenario</span>
                  <span class="parameters">("Proceed to payment page", "GuestCustomer_NoFilters_PayByCard_AUS")</span>
                  <div class="stack-trace">java.lang.AssertionError: expected [true] but found [false]
	at stepdefs.CheckoutDeliveryStepDefinition.user_clicks_on_continue_to_payment_cta_button(CheckoutDeliveryStepDefinition.java:152)
	at ✽.user clicks on continue to Payment CTA button(file:///C:/Users/Administrator/eclipse-workspace/TFGHobbs/src/test/resources/features/GuestCustomer_NoFilters_PayByCard_AUS.feature:63)
... Removed 4 stack frames
</div> <!-- stack-trace -->
                  <em>
(Runs Cucumber Scenarios)                  </em>
                </div> <!-- method-content -->
              </div> <!-- method -->
              <div class="method">
                <div class="method-content">
                  <a name="runScenario(&quot;Enter customer details&quot;, &quot;GuestCustomer_NoFilters_PayByCard_AUS&quot;)">
                  </a> <!-- runScenario("Enter customer details", "GuestCustomer_NoFilters_PayByCard_AUS") -->
                  <span class="method-name">runScenario</span>
                  <span class="parameters">("Enter customer details", "GuestCustomer_NoFilters_PayByCard_AUS")</span>
                  <div class="stack-trace">java.lang.AssertionError: expected [true] but found [false]
	at stepdefs.CheckoutDeliveryStepDefinition.user_enters_the_customer_details(CheckoutDeliveryStepDefinition.java:210)
	at ✽.user enters the customer details for &quot;AU&quot;(file:///C:/Users/Administrator/eclipse-workspace/TFGHobbs/src/test/resources/features/GuestCustomer_NoFilters_PayByCard_AUS.feature:50)
... Removed 4 stack frames
</div> <!-- stack-trace -->
                  <em>
(Runs Cucumber Scenarios)                  </em>
                </div> <!-- method-content -->
              </div> <!-- method -->
              <div class="method">
                <div class="method-content">
                  <a name="runScenario(&quot;Pay by Card&quot;, &quot;GuestCustomer_NoFilters_PayByCard_AUS&quot;)">
                  </a> <!-- runScenario("Pay by Card", "GuestCustomer_NoFilters_PayByCard_AUS") -->
                  <span class="method-name">runScenario</span>
                  <span class="parameters">("Pay by Card", "GuestCustomer_NoFilters_PayByCard_AUS")</span>
                  <div class="stack-trace">java.lang.AssertionError: expected [true] but found [false]
	at stepdefs.CheckoutPaymentStepDefinition.user_selects_payment_type_payment_method(CheckoutPaymentStepDefinition.java:59)
	at ✽.user selects &lt;PaymentType&gt; payment method(file:///C:/Users/Administrator/eclipse-workspace/TFGHobbs/src/test/resources/features/GuestCustomer_NoFilters_PayByCard_AUS.feature:68)
... Removed 4 stack frames
</div> <!-- stack-trace -->
                  <em>
(Runs Cucumber Scenarios)                  </em>
                </div> <!-- method-content -->
              </div> <!-- method -->
              <div class="method">
                <div class="method-content">
                  <a name="runScenario(&quot;Select home delivery&quot;, &quot;GuestCustomer_NoFilters_PayByCard_AUS&quot;)">
                  </a> <!-- runScenario("Select home delivery", "GuestCustomer_NoFilters_PayByCard_AUS") -->
                  <span class="method-name">runScenario</span>
                  <span class="parameters">("Select home delivery", "GuestCustomer_NoFilters_PayByCard_AUS")</span>
                  <div class="stack-trace">java.lang.AssertionError: expected [true] but found [false]
	at stepdefs.CheckoutDeliveryStepDefinition.user_selects_default_delivery_method(CheckoutDeliveryStepDefinition.java:188)
	at ✽.user selects default delivery method(file:///C:/Users/Administrator/eclipse-workspace/TFGHobbs/src/test/resources/features/GuestCustomer_NoFilters_PayByCard_AUS.feature:58)
... Removed 4 stack frames
</div> <!-- stack-trace -->
                  <em>
(Runs Cucumber Scenarios)                  </em>
                </div> <!-- method-content -->
              </div> <!-- method -->
              <div class="method">
                <div class="method-content">
                  <a name="runScenario(&quot;Search Product in Homepage and Land on PDP&quot;, &quot;GuestCustomer_NoFilters_PayByCard_AUS&quot;)">
                  </a> <!-- runScenario("Search Product in Homepage and Land on PDP", "GuestCustomer_NoFilters_PayByCard_AUS") -->
                  <span class="method-name">runScenario</span>
                  <span class="parameters">("Search Product in Homepage and Land on PDP", "GuestCustomer_NoFilters_PayByCard_AUS")</span>
                  <div class="stack-trace">java.lang.AssertionError: expected [true] but found [false]
	at stepdefs.PDPStepDefinition.user_searches_for_product_from_HomePage_and_lands_on_PDP(PDPStepDefinition.java:104)
	at ✽.user searches for product from HomePage and lands on PDP(file:///C:/Users/Administrator/eclipse-workspace/TFGHobbs/src/test/resources/features/GuestCustomer_NoFilters_PayByCard_AUS.feature:20)
... Removed 4 stack frames
</div> <!-- stack-trace -->
                  <em>
(Runs Cucumber Scenarios)                  </em>
                </div> <!-- method-content -->
              </div> <!-- method -->
              <div class="method">
                <div class="method-content">
                  <a name="runScenario(&quot;Return to HP&quot;, &quot;GuestCustomer_NoFilters_PayByCard_AUS&quot;)">
                  </a> <!-- runScenario("Return to HP", "GuestCustomer_NoFilters_PayByCard_AUS") -->
                  <span class="method-name">runScenario</span>
                  <span class="parameters">("Return to HP", "GuestCustomer_NoFilters_PayByCard_AUS")</span>
                  <div class="stack-trace">org.openqa.selenium.NoSuchSessionException: Session ID is null. Using WebDriver after calling quit()?
Build info: version: &apos;4.1.3&apos;, revision: &apos;7b1ebf28ef&apos;
System info: host: &apos;EC2AMAZ-C4MGU7T&apos;, ip: &apos;172.28.16.1&apos;, os.name: &apos;Windows Server 2019&apos;, os.arch: &apos;amd64&apos;, os.version: &apos;10.0&apos;, java.version: &apos;15.0.2&apos;
Driver info: org.openqa.selenium.chrome.ChromeDriver
Command: [null, findElement {using=xpath, value=//a[@class=&apos;navbar-header__logo-link&apos;]//img[@class=&apos;logo loading&apos;]}]
Capabilities {acceptInsecureCerts: false, browserName: chrome, browserVersion: 104.0.5112.102, chrome: {chromedriverVersion: 104.0.5112.79 (3cf3e8c8a07d..., userDataDir: C:\Users\ADMINI~1\AppData\L...}, goog:chromeOptions: {debuggerAddress: localhost:57296}, javascriptEnabled: true, networkConnectionEnabled: false, pageLoadStrategy: normal, platform: WINDOWS, platformName: WINDOWS, proxy: Proxy(), se:cdp: ws://localhost:57296/devtoo..., se:cdpVersion: 104.0.5112.102, setWindowRect: true, strictFileInteractability: false, timeouts: {implicit: 0, pageLoad: 300000, script: 30000}, unhandledPromptBehavior: dismiss and notify, webauthn:extension:credBlob: true, webauthn:extension:largeBlob: true, webauthn:virtualAuthenticators: true}
	at org.openqa.selenium.remote.HttpCommandExecutor.execute(HttpCommandExecutor.java:145)
	at org.openqa.selenium.remote.service.DriverCommandExecutor.invokeExecute(DriverCommandExecutor.java:167)
	at org.openqa.selenium.remote.service.DriverCommandExecutor.execute(DriverCommandExecutor.java:142)
	at org.openqa.selenium.remote.RemoteWebDriver.execute(RemoteWebDriver.java:567)
	at org.openqa.selenium.remote.ElementLocation$ElementFinder$2.findElement(ElementLocation.java:162)
	at org.openqa.selenium.remote.ElementLocation.findElement(ElementLocation.java:60)
	at org.openqa.selenium.remote.RemoteWebDriver.findElement(RemoteWebDriver.java:385)
	at org.openqa.selenium.remote.RemoteWebDriver.findElement(RemoteWebDriver.java:377)
	at org.openqa.selenium.support.pagefactory.DefaultElementLocator.findElement(DefaultElementLocator.java:70)
	at org.openqa.selenium.support.pagefactory.internal.LocatingElementHandler.invoke(LocatingElementHandler.java:39)
	at com.sun.proxy.$Proxy20.isDisplayed(Unknown Source)
	at stepdefs.HomePageStepDefinition.user_clicks_on_brand_logo(HomePageStepDefinition.java:344)
	at ✽.user clicks on brand logo(file:///C:/Users/Administrator/eclipse-workspace/TFGHobbs/src/test/resources/features/GuestCustomer_NoFilters_PayByCard_AUS.feature:84)

</div> <!-- stack-trace -->
                  <em>
(Runs Cucumber Scenarios)                  </em>
                </div> <!-- method-content -->
              </div> <!-- method -->
              <div class="method">
                <div class="method-content">
                  <a name="runScenario(&quot;Click on checkout securely&quot;, &quot;GuestCustomer_NoFilters_PayByCard_AUS&quot;)">
                  </a> <!-- runScenario("Click on checkout securely", "GuestCustomer_NoFilters_PayByCard_AUS") -->
                  <span class="method-name">runScenario</span>
                  <span class="parameters">("Click on checkout securely", "GuestCustomer_NoFilters_PayByCard_AUS")</span>
                  <div class="stack-trace">java.lang.AssertionError: expected [true] but found [false]
	at stepdefs.BasketStepDefinition.user_clicks_on_check_out_securely_button(BasketStepDefinition.java:57)
	at ✽.user clicks on check out securely button(file:///C:/Users/Administrator/eclipse-workspace/TFGHobbs/src/test/resources/features/GuestCustomer_NoFilters_PayByCard_AUS.feature:36)
... Removed 4 stack frames
</div> <!-- stack-trace -->
                  <em>
(Runs Cucumber Scenarios)                  </em>
                </div> <!-- method-content -->
              </div> <!-- method -->
              <div class="method">
                <div class="method-content">
                  <a name="runScenario(&quot;Checkout as guest with non-registered email address&quot;, &quot;GuestCustomer_NoFilters_PayByCard_AUS&quot;)">
                  </a> <!-- runScenario("Checkout as guest with non-registered email address", "GuestCustomer_NoFilters_PayByCard_AUS") -->
                  <span class="method-name">runScenario</span>
                  <span class="parameters">("Checkout as guest with non-registered email address", "GuestCustomer_NoFilters_PayByCard_AUS")</span>
                  <div class="stack-trace">java.lang.AssertionError: expected [true] but found [false]
	at stepdefs.CheckoutLoginStepDefinition.user_enters_an_email_id_on_check_out_login_page(CheckoutLoginStepDefinition.java:89)
	at ✽.user enters an &lt;EmailID&gt; on check out login page(file:///C:/Users/Administrator/eclipse-workspace/TFGHobbs/src/test/resources/features/GuestCustomer_NoFilters_PayByCard_AUS.feature:41)
... Removed 4 stack frames
</div> <!-- stack-trace -->
                  <em>
(Runs Cucumber Scenarios)                  </em>
                </div> <!-- method-content -->
              </div> <!-- method -->
              <div class="method">
                <div class="method-content">
                  <a name="runScenario(&quot;Land on Home page&quot;, &quot;GuestCustomer_NoFilters_PayByCard_AUS&quot;)">
                  </a> <!-- runScenario("Land on Home page", "GuestCustomer_NoFilters_PayByCard_AUS") -->
                  <span class="method-name">runScenario</span>
                  <span class="parameters">("Land on Home page", "GuestCustomer_NoFilters_PayByCard_AUS")</span>
                  <div class="stack-trace">java.lang.AssertionError: expected [true] but found [false]
	at stepdefs.HomePageStepDefinition.user_is_on_home_page(HomePageStepDefinition.java:205)
	at ✽.user is on home page for website &quot;AU&quot;(file:///C:/Users/Administrator/eclipse-workspace/TFGHobbs/src/test/resources/features/GuestCustomer_NoFilters_PayByCard_AUS.feature:10)
... Removed 4 stack frames
</div> <!-- stack-trace -->
                  <em>
(Runs Cucumber Scenarios)                  </em>
                </div> <!-- method-content -->
              </div> <!-- method -->
            </div> <!-- main-panel-content rounded-window-bottom -->
          </div> <!-- suite-TFG_Hobbs_MVA_Phase-class-failed -->
        </div> <!-- panel TFG_Hobbs_MVA_Phase -->
        <div panel-name="test-xml-TFG_Hobbs_MVA_Phase" class="panel">
          <div class="main-panel-header rounded-window-top">
            <span class="header-content">C:\Users\Administrator\eclipse-workspace\TFGHobbs\src\test\resources\testng.xml</span>
          </div> <!-- main-panel-header rounded-window-top -->
          <div class="main-panel-content rounded-window-bottom">
            <pre>
&lt;?xml version=&quot;1.0&quot; encoding=&quot;UTF-8&quot;?&gt;
&lt;!DOCTYPE suite SYSTEM &quot;https://testng.org/testng-1.0.dtd&quot;&gt;
&lt;suite name=&quot;TFG Hobbs MVA Phase&quot; guice-stage=&quot;DEVELOPMENT&quot;&gt;
  &lt;listeners&gt;
    &lt;listener class-name=&quot;utility.TestNgListener&quot;/&gt;
  &lt;/listeners&gt;
  &lt;test thread-count=&quot;5&quot; name=&quot;Chrome Browser Execution&quot;&gt;
    &lt;parameter name=&quot;browser&quot; value=&quot;chrome&quot;/&gt;
    &lt;classes&gt;
      &lt;class name=&quot;runner.RunTestNGTest&quot;/&gt;
    &lt;/classes&gt;
  &lt;/test&gt; &lt;!-- Chrome Browser Execution --&gt;
&lt;/suite&gt; &lt;!-- TFG Hobbs MVA Phase --&gt;
            </pre>
          </div> <!-- main-panel-content rounded-window-bottom -->
        </div> <!-- panel -->
        <div panel-name="testlist-TFG_Hobbs_MVA_Phase" class="panel">
          <div class="main-panel-header rounded-window-top">
            <span class="header-content">Tests for TFG Hobbs MVA Phase</span>
          </div> <!-- main-panel-header rounded-window-top -->
          <div class="main-panel-content rounded-window-bottom">
            <ul>
              <li>
                <span class="test-name">Chrome Browser Execution (1 class)</span>
              </li>
            </ul>
          </div> <!-- main-panel-content rounded-window-bottom -->
        </div> <!-- panel -->
        <div panel-name="group-TFG_Hobbs_MVA_Phase" class="panel">
          <div class="main-panel-header rounded-window-top">
            <span class="header-content">Groups for TFG Hobbs MVA Phase</span>
          </div> <!-- main-panel-header rounded-window-top -->
          <div class="main-panel-content rounded-window-bottom">
            <div class="test-group">
              <span class="test-group-name">cucumber</span>
              <br/>
              <div class="method-in-group">
                <span class="method-in-group-name">runScenario</span>
                <br/>
              </div> <!-- method-in-group -->
            </div> <!-- test-group -->
          </div> <!-- main-panel-content rounded-window-bottom -->
        </div> <!-- panel -->
        <div panel-name="times-TFG_Hobbs_MVA_Phase" class="panel">
          <div class="main-panel-header rounded-window-top">
            <span class="header-content">Times for TFG Hobbs MVA Phase</span>
          </div> <!-- main-panel-header rounded-window-top -->
          <div class="main-panel-content rounded-window-bottom">
            <div class="times-div">
              <script type="text/javascript">
suiteTableInitFunctions.push('tableData_TFG_Hobbs_MVA_Phase');
function tableData_TFG_Hobbs_MVA_Phase() {
var data = new google.visualization.DataTable();
data.addColumn('number', 'Number');
data.addColumn('string', 'Method');
data.addColumn('string', 'Class');
data.addColumn('number', 'Time (ms)');
data.addRows(12);
data.setCell(0, 0, 0)
data.setCell(0, 1, 'runScenario')
data.setCell(0, 2, 'runner.RunTestNGTest')
data.setCell(0, 3, 35748);
data.setCell(1, 0, 1)
data.setCell(1, 1, 'runScenario')
data.setCell(1, 2, 'runner.RunTestNGTest')
data.setCell(1, 3, 10049);
data.setCell(2, 0, 2)
data.setCell(2, 1, 'runScenario')
data.setCell(2, 2, 'runner.RunTestNGTest')
data.setCell(2, 3, 1041);
data.setCell(3, 0, 3)
data.setCell(3, 1, 'runScenario')
data.setCell(3, 2, 'runner.RunTestNGTest')
data.setCell(3, 3, 1036);
data.setCell(4, 0, 4)
data.setCell(4, 1, 'runScenario')
data.setCell(4, 2, 'runner.RunTestNGTest')
data.setCell(4, 3, 687);
data.setCell(5, 0, 5)
data.setCell(5, 1, 'runScenario')
data.setCell(5, 2, 'runner.RunTestNGTest')
data.setCell(5, 3, 115);
data.setCell(6, 0, 6)
data.setCell(6, 1, 'runScenario')
data.setCell(6, 2, 'runner.RunTestNGTest')
data.setCell(6, 3, 89);
data.setCell(7, 0, 7)
data.setCell(7, 1, 'runScenario')
data.setCell(7, 2, 'runner.RunTestNGTest')
data.setCell(7, 3, 70);
data.setCell(8, 0, 8)
data.setCell(8, 1, 'runScenario')
data.setCell(8, 2, 'runner.RunTestNGTest')
data.setCell(8, 3, 63);
data.setCell(9, 0, 9)
data.setCell(9, 1, 'runScenario')
data.setCell(9, 2, 'runner.RunTestNGTest')
data.setCell(9, 3, 52);
data.setCell(10, 0, 10)
data.setCell(10, 1, 'runScenario')
data.setCell(10, 2, 'runner.RunTestNGTest')
data.setCell(10, 3, 46);
data.setCell(11, 0, 11)
data.setCell(11, 1, 'runScenario')
data.setCell(11, 2, 'runner.RunTestNGTest')
data.setCell(11, 3, 33);
window.suiteTableData['TFG_Hobbs_MVA_Phase']= { tableData: data, tableDiv: 'times-div-TFG_Hobbs_MVA_Phase'}
return data;
}
              </script>
              <span class="suite-total-time">Total running time: 49 seconds</span>
              <div id="times-div-TFG_Hobbs_MVA_Phase">
              </div> <!-- times-div-TFG_Hobbs_MVA_Phase -->
            </div> <!-- times-div -->
          </div> <!-- main-panel-content rounded-window-bottom -->
        </div> <!-- panel -->
        <div panel-name="reporter-TFG_Hobbs_MVA_Phase" class="panel">
          <div class="main-panel-header rounded-window-top">
            <span class="header-content">Reporter output for TFG Hobbs MVA Phase</span>
          </div> <!-- main-panel-header rounded-window-top -->
          <div class="main-panel-content rounded-window-bottom">
          </div> <!-- main-panel-content rounded-window-bottom -->
        </div> <!-- panel -->
        <div panel-name="ignored-methods-TFG_Hobbs_MVA_Phase" class="panel">
          <div class="main-panel-header rounded-window-top">
            <span class="header-content">0 ignored methods</span>
          </div> <!-- main-panel-header rounded-window-top -->
          <div class="main-panel-content rounded-window-bottom">
          </div> <!-- main-panel-content rounded-window-bottom -->
        </div> <!-- panel -->
        <div panel-name="chronological-TFG_Hobbs_MVA_Phase" class="panel">
          <div class="main-panel-header rounded-window-top">
            <span class="header-content">Methods in chronological order</span>
          </div> <!-- main-panel-header rounded-window-top -->
          <div class="main-panel-content rounded-window-bottom">
            <div class="chronological-class">
              <div class="chronological-class-name">runner.RunTestNGTest</div> <!-- chronological-class-name -->
              <div class="configuration-suite before">
                <span class="method-name">beforesuite</span>
                <span class="method-start">0 ms</span>
              </div> <!-- configuration-suite before -->
              <div class="configuration-test before">
                <span class="method-name">beforetest(chrome)</span>
                <span class="method-start">24 ms</span>
              </div> <!-- configuration-test before -->
              <div class="configuration-class before">
                <span class="method-name">setUpClass</span>
                <span class="method-start">629 ms</span>
              </div> <!-- configuration-class before -->
              <div class="test-method">
                <img src="failed.png">
                </img>
                <span class="method-name">runScenario("Land on Home page", "GuestCustomer_NoFilters_PayByCard_AUS")</span>
                <span class="method-start">667 ms</span>
              </div> <!-- test-method -->
              <div class="test-method">
                <img src="failed.png">
                </img>
                <span class="method-name">runScenario("Search Product in Homepage and Land on PDP", "GuestCustomer_NoFilters_PayByCard_AUS")</span>
                <span class="method-start">36419 ms</span>
              </div> <!-- test-method -->
              <div class="test-method">
                <img src="failed.png">
                </img>
                <span class="method-name">runScenario("Select random size on PDP", "GuestCustomer_NoFilters_PayByCard_AUS")</span>
                <span class="method-start">36538 ms</span>
              </div> <!-- test-method -->
              <div class="test-method">
                <img src="failed.png">
                </img>
                <span class="method-name">runScenario("Go to bag page", "GuestCustomer_NoFilters_PayByCard_AUS")</span>
                <span class="method-start">46589 ms</span>
              </div> <!-- test-method -->
              <div class="test-method">
                <img src="failed.png">
                </img>
                <span class="method-name">runScenario("Click on checkout securely", "GuestCustomer_NoFilters_PayByCard_AUS")</span>
                <span class="method-start">47636 ms</span>
              </div> <!-- test-method -->
              <div class="test-method">
                <img src="failed.png">
                </img>
                <span class="method-name">runScenario("Checkout as guest with non-registered email address", "GuestCustomer_NoFilters_PayByCard_AUS")</span>
                <span class="method-start">47691 ms</span>
              </div> <!-- test-method -->
              <div class="test-method">
                <img src="failed.png">
                </img>
                <span class="method-name">runScenario("Enter customer details", "GuestCustomer_NoFilters_PayByCard_AUS")</span>
                <span class="method-start">47765 ms</span>
              </div> <!-- test-method -->
              <div class="test-method">
                <img src="failed.png">
                </img>
                <span class="method-name">runScenario("Select home delivery", "GuestCustomer_NoFilters_PayByCard_AUS")</span>
                <span class="method-start">48456 ms</span>
              </div> <!-- test-method -->
              <div class="test-method">
                <img src="failed.png">
                </img>
                <span class="method-name">runScenario("Proceed to payment page", "GuestCustomer_NoFilters_PayByCard_AUS")</span>
                <span class="method-start">48548 ms</span>
              </div> <!-- test-method -->
              <div class="test-method">
                <img src="failed.png">
                </img>
                <span class="method-name">runScenario("Pay by Card", "GuestCustomer_NoFilters_PayByCard_AUS")</span>
                <span class="method-start">49592 ms</span>
              </div> <!-- test-method -->
              <div class="test-method">
                <img src="failed.png">
                </img>
                <span class="method-name">runScenario("Click on payment CTA and lands on confirmation page", "GuestCustomer_NoFilters_PayByCard_AUS")</span>
                <span class="method-start">49645 ms</span>
              </div> <!-- test-method -->
              <div class="test-method">
                <img src="failed.png">
                </img>
                <span class="method-name">runScenario("Return to HP", "GuestCustomer_NoFilters_PayByCard_AUS")</span>
                <span class="method-start">49679 ms</span>
              </div> <!-- test-method -->
              <div class="configuration-class after">
                <span class="method-name">tearDownClass</span>
                <span class="method-start">49744 ms</span>
              </div> <!-- configuration-class after -->
              <div class="configuration-test after">
                <span class="method-name">aftertest</span>
                <span class="method-start">49963 ms</span>
              </div> <!-- configuration-test after -->
              <div class="configuration-suite after">
                <span class="method-name">aftersuite</span>
                <span class="method-start">49994 ms</span>
              </div> <!-- configuration-suite after -->
          </div> <!-- main-panel-content rounded-window-bottom -->
        </div> <!-- panel -->
      </div> <!-- main-panel-root -->
    </div> <!-- wrapper -->
  </body>
</html>
