{"name":"Verify user able to payment using credit card","status":"failed","statusDetails":{"known":false,"muted":false,"flaky":false,"message":"expected [true] but found [false]","trace":"java.lang.AssertionError: expected [true] but found [false]\r\n\tat org.testng.Assert.fail(Assert.java:97)\r\n\tat org.testng.Assert.failNotEquals(Assert.java:969)\r\n\tat org.testng.Assert.assertTrue(Assert.java:43)\r\n\tat org.testng.Assert.assertTrue(Assert.java:53)\r\n\tat stepdefs.DyasHomeStepDefinitions.userEnter(DyasHomeStepDefinitions.java:375)\r\n\tat ✽.user enter \"4111111111111111\" \"RB\" \"02\" \"23\" \"123\"(file:///C:/Users/Parvathy/TPRG/src/test/resources/features/AddProduct_to_Basket_CheckoutProducts_UK.feature:40)\r\n"},"stage":"finished","description":"  Verify user able to add product to Basket and proceed to checkout","steps":[{"name":"Given  user is in the Payment page","status":"passed","statusDetails":{"known":false,"muted":false,"flaky":false},"stage":"finished","steps":[],"attachments":[{"name":"screenshot","source":"31f7b5d4-6675-42e1-9c9b-35237840b26c-attachment.png","type":"image"}],"parameters":[],"start":1674546511741,"stop":1674546511977},{"name":"When  user select the payment method credit card","status":"passed","statusDetails":{"known":false,"muted":false,"flaky":false},"stage":"finished","steps":[],"attachments":[{"name":"screenshot","source":"94b42697-4bd0-4e28-b596-ab0c3a44254c-attachment.png","type":"image"}],"parameters":[],"start":1674546512124,"stop":1674546519580},{"name":"Then  user enter \"4111111111111111\" \"RB\" \"02\" \"23\" \"123\"","status":"failed","statusDetails":{"known":false,"muted":false,"flaky":false,"message":"expected [true] but found [false]","trace":"java.lang.AssertionError: expected [true] but found [false]\r\n\tat org.testng.Assert.fail(Assert.java:97)\r\n\tat org.testng.Assert.failNotEquals(Assert.java:969)\r\n\tat org.testng.Assert.assertTrue(Assert.java:43)\r\n\tat org.testng.Assert.assertTrue(Assert.java:53)\r\n\tat stepdefs.DyasHomeStepDefinitions.userEnter(DyasHomeStepDefinitions.java:375)\r\n\tat ✽.user enter \"4111111111111111\" \"RB\" \"02\" \"23\" \"123\"(file:///C:/Users/Parvathy/TPRG/src/test/resources/features/AddProduct_to_Basket_CheckoutProducts_UK.feature:40)\r\n"},"stage":"finished","steps":[],"attachments":[],"parameters":[],"start":1674546519766,"stop":1674546533836},{"name":"Then  clicks on Make payment button","statusDetails":{"known":false,"muted":false,"flaky":false,"message":"Undefined Step. Please add step definition","trace":"java.lang.IllegalStateException: Undefined Step. Please add step definition\r\n\tat io.qameta.allure.cucumber5jvm.AllureCucumber5Jvm.handlePickleStep(AllureCucumber5Jvm.java:390)\r\n\tat io.qameta.allure.cucumber5jvm.AllureCucumber5Jvm.handleTestStepFinished(AllureCucumber5Jvm.java:239)\r\n\tat io.cucumber.core.eventbus.AbstractEventPublisher.send(AbstractEventPublisher.java:45)\r\n\tat io.cucumber.core.eventbus.AbstractEventBus.send(AbstractEventBus.java:9)\r\n\tat io.cucumber.core.runtime.ThreadLocalRunnerSupplier$SynchronizedEventBus.send(ThreadLocalRunnerSupplier.java:100)\r\n\tat io.cucumber.core.runtime.ThreadLocalRunnerSupplier$LocalEventBus.send(ThreadLocalRunnerSupplier.java:68)\r\n\tat io.cucumber.core.runner.TestStep.run(TestStep.java:58)\r\n\tat io.cucumber.core.runner.PickleStepTestStep.run(PickleStepTestStep.java:46)\r\n\tat io.cucumber.core.runner.TestCase.run(TestCase.java:51)\r\n\tat io.cucumber.core.runner.Runner.runPickle(Runner.java:67)\r\n\tat io.cucumber.testng.TestNGCucumberRunner.runScenario(TestNGCucumberRunner.java:124)\r\n\tat io.cucumber.testng.AbstractTestNGCucumberTests.runScenario(AbstractTestNGCucumberTests.java:29)\r\n\tat sun.reflect.NativeMethodAccessorImpl.invoke0(Native Method)\r\n\tat sun.reflect.NativeMethodAccessorImpl.invoke(NativeMethodAccessorImpl.java:62)\r\n\tat sun.reflect.DelegatingMethodAccessorImpl.invoke(DelegatingMethodAccessorImpl.java:43)\r\n\tat java.lang.reflect.Method.invoke(Method.java:498)\r\n\tat org.testng.internal.MethodInvocationHelper.invokeMethod(MethodInvocationHelper.java:134)\r\n\tat org.testng.internal.TestInvoker.invokeMethod(TestInvoker.java:597)\r\n\tat org.testng.internal.TestInvoker.invokeTestMethod(TestInvoker.java:173)\r\n\tat org.testng.internal.MethodRunner.runInSequence(MethodRunner.java:46)\r\n\tat org.testng.internal.TestInvoker$MethodInvocationAgent.invoke(TestInvoker.java:816)\r\n\tat org.testng.internal.TestInvoker.invokeTestMethods(TestInvoker.java:146)\r\n\tat org.testng.internal.TestMethodWorker.invokeTestMethods(TestMethodWorker.java:146)\r\n\tat org.testng.internal.TestMethodWorker.run(TestMethodWorker.java:128)\r\n\tat java.util.ArrayList.forEach(ArrayList.java:1259)\r\n\tat org.testng.TestRunner.privateRun(TestRunner.java:766)\r\n\tat org.testng.TestRunner.run(TestRunner.java:587)\r\n\tat org.testng.SuiteRunner.runTest(SuiteRunner.java:384)\r\n\tat org.testng.SuiteRunner.runSequentially(SuiteRunner.java:378)\r\n\tat org.testng.SuiteRunner.privateRun(SuiteRunner.java:337)\r\n\tat org.testng.SuiteRunner.run(SuiteRunner.java:286)\r\n\tat org.testng.SuiteRunnerWorker.runSuite(SuiteRunnerWorker.java:53)\r\n\tat org.testng.SuiteRunnerWorker.run(SuiteRunnerWorker.java:96)\r\n\tat org.testng.TestNG.runSuitesSequentially(TestNG.java:1187)\r\n\tat org.testng.TestNG.runSuitesLocally(TestNG.java:1109)\r\n\tat org.testng.TestNG.runSuites(TestNG.java:1039)\r\n\tat org.testng.TestNG.run(TestNG.java:1007)\r\n\tat com.intellij.rt.testng.IDEARemoteTestNG.run(IDEARemoteTestNG.java:66)\r\n\tat com.intellij.rt.testng.RemoteTestNGStarter.main(RemoteTestNGStarter.java:109)\r\n"},"stage":"finished","steps":[],"attachments":[],"parameters":[],"start":1674546534662,"stop":1674546534664}],"attachments":[],"parameters":[{"name":"cardNumber","value":"4111111111111111"},{"name":"holdername","value":"RB"},{"name":"expirymonth","value":"02"},{"name":"expiryyear","value":"23"},{"name":"securitycode","value":"123"}],"start":1674546511732,"stop":1674546534669,"uuid":"d7856e4b-652e-49bc-8093-faf01a353eb7","historyId":"c0bf06e5138973850708bf56c4d0cb25","fullName":"AddProduct_to_Basket_CheckoutProducts_UK: Verify user able to payment using credit card","labels":[{"name":"tag","value":"DESKTOP_AddToBasket"},{"name":"host","value":"DESKTOP-PIB88O8"},{"name":"thread","value":"20796@DESKTOP-PIB88O8.main(1)"},{"name":"feature","value":"AddProduct_to_Basket_CheckoutProducts_UK"},{"name":"story","value":"Verify user able to payment using credit card"},{"name":"suite","value":"AddProduct_to_Basket_CheckoutProducts_UK"},{"name":"testClass","value":"Verify user able to payment using credit card"},{"name":"framework","value":"cucumber4jvm"},{"name":"language","value":"java"},{"name":"gherkin_uri","value":"file:///C:/Users/Parvathy/TPRG/src/test/resources/features/AddProduct_to_Basket_CheckoutProducts_UK.feature"},{"name":"package","value":"src.test.resources.features.AddProduct_to_Basket_CheckoutProducts_UK_feature.AddProduct_to_Basket_CheckoutProducts_UK"}],"links":[]}