<?xml version="1.0" encoding="UTF-8"?>
<!-- Generated by org.testng.reporters.JUnitXMLReporter -->
<testsuite ignored="0" hostname="EC2AMAZ-C4MGU7T" failures="3" tests="3" name="Android Execution" time="53.122" errors="0" timestamp="2022-07-04T10:28:02 GMT">
  <testcase classname="io.cucumber.testng.AbstractTestNGCucumberTests" name="runScenario" time="51.671">
    <failure type="java.lang.AssertionError" message="pCloudy device connection failed. expected [true] but found [false]">
      <![CDATA[java.lang.AssertionError: pCloudy device connection failed. expected [true] but found [false]
at stepdefs.HomePageStepDefinition.website_HOBBS_url_is_launched_for_in(HomePageStepDefinition.java:82)
at ✽.website HOBBS url is launched for "UK" in "Mobile"(file:///C:/Users/Administrator/eclipse-workspace/TFGHobbs/src/test/resources/features/P2_ALL_MOBILE_NAVIGATION_UK.feature:7)
... Removed 3 stack frames]]>
    </failure>
  </testcase> <!-- runScenario -->
  <testcase classname="io.cucumber.testng.AbstractTestNGCucumberTests" name="runScenario" time="0.191">
    <failure type="java.lang.AssertionError" message="expected [true] but found [false]">
      <![CDATA[java.lang.AssertionError: expected [true] but found [false]
at stepdefs.HomePageStepDefinition.user_clicks_on_burger_menu(HomePageStepDefinition.java:392)
at ✽.user clicks on burger menu(file:///C:/Users/Administrator/eclipse-workspace/TFGHobbs/src/test/resources/features/P2_ALL_MOBILE_NAVIGATION_UK.feature:13)
... Removed 4 stack frames]]>
    </failure>
  </testcase> <!-- runScenario -->
  <testcase classname="io.cucumber.testng.AbstractTestNGCucumberTests" name="runScenario" time="0.039">
    <failure type="java.lang.AssertionError" message="expected [true] but found [false]">
      <![CDATA[java.lang.AssertionError: expected [true] but found [false]
at stepdefs.HomePageStepDefinition.user_clicks_on_X_close_button(HomePageStepDefinition.java:902)
at ✽.user clicks on X close button(file:///C:/Users/Administrator/eclipse-workspace/TFGHobbs/src/test/resources/features/P2_ALL_MOBILE_NAVIGATION_UK.feature:18)
... Removed 4 stack frames]]>
    </failure>
  </testcase> <!-- runScenario -->
</testsuite> <!-- Android Execution -->
