<?xml version="1.0" encoding="UTF-8"?>
<!-- Generated by org.testng.reporters.JUnitXMLReporter -->
<testsuite ignored="0" hostname="EC2AMAZ-9NJUAKB" failures="12" tests="12" name="Edge Browser Execution" time="34.307" errors="0" timestamp="2022-04-04T08:29:10 GMT">
  <testcase classname="io.cucumber.testng.AbstractTestNGCucumberTests" name="runScenario" time="26.905">
    <failure type="java.lang.AssertionError" message="expected [true] but found [false]">
      <![CDATA[java.lang.AssertionError: expected [true] but found [false]
at stepdefs.HomePageStepDefinition.user_is_on_home_page(HomePageStepDefinition.java:205)
at ✽.user is on home page for website "UK"(file:///C:/Users/Administrator/Documents/TFGHobbs/src/test/resources/features/DESKTOP_JOURNEY_1_UK.feature:9)
... Removed 4 stack frames]]>
    </failure>
  </testcase> <!-- runScenario -->
  <testcase classname="io.cucumber.testng.AbstractTestNGCucumberTests" name="runScenario" time="0.111">
    <failure type="java.lang.AssertionError" message="expected [true] but found [false]">
      <![CDATA[java.lang.AssertionError: expected [true] but found [false]
at stepdefs.PDPStepDefinition.user_searches_for_product_from_HomePage_and_lands_on_PDP(PDPStepDefinition.java:103)
at ✽.user searches for product from HomePage and lands on PDP(file:///C:/Users/Administrator/Documents/TFGHobbs/src/test/resources/features/DESKTOP_JOURNEY_1_UK.feature:19)
... Removed 4 stack frames]]>
    </failure>
  </testcase> <!-- runScenario -->
  <testcase classname="io.cucumber.testng.AbstractTestNGCucumberTests" name="runScenario" time="1.056">
    <failure type="java.lang.AssertionError" message="expected [true] but found [false]">
      <![CDATA[java.lang.AssertionError: expected [true] but found [false]
at stepdefs.PLPStepDefinition.select_random_size_from_PLP(PLPStepDefinition.java:965)
at ✽.user selects randon size for the product(file:///C:/Users/Administrator/Documents/TFGHobbs/src/test/resources/features/DESKTOP_JOURNEY_1_UK.feature:25)
... Removed 4 stack frames]]>
    </failure>
  </testcase> <!-- runScenario -->
  <testcase classname="io.cucumber.testng.AbstractTestNGCucumberTests" name="runScenario" time="1.096">
    <failure type="java.lang.AssertionError" message="expected [true] but found [false]">
      <![CDATA[java.lang.AssertionError: expected [true] but found [false]
at stepdefs.PDPStepDefinition.user_clicks_on_view_bag(PDPStepDefinition.java:157)
at ✽.user clicks on view bag(file:///C:/Users/Administrator/Documents/TFGHobbs/src/test/resources/features/DESKTOP_JOURNEY_1_UK.feature:30)
... Removed 4 stack frames]]>
    </failure>
  </testcase> <!-- runScenario -->
  <testcase classname="io.cucumber.testng.AbstractTestNGCucumberTests" name="runScenario" time="0.039">
    <failure type="java.lang.AssertionError" message="expected [true] but found [false]">
      <![CDATA[java.lang.AssertionError: expected [true] but found [false]
at stepdefs.BasketStepDefinition.user_clicks_on_check_out_securely_button(BasketStepDefinition.java:57)
at ✽.user clicks on check out securely button(file:///C:/Users/Administrator/Documents/TFGHobbs/src/test/resources/features/DESKTOP_JOURNEY_1_UK.feature:35)
... Removed 4 stack frames]]>
    </failure>
  </testcase> <!-- runScenario -->
  <testcase classname="io.cucumber.testng.AbstractTestNGCucumberTests" name="runScenario" time="0.061">
    <failure type="java.lang.AssertionError" message="expected [true] but found [false]">
      <![CDATA[java.lang.AssertionError: expected [true] but found [false]
at stepdefs.CheckoutLoginStepDefinition.user_enters_an_email_id_on_check_out_login_page(CheckoutLoginStepDefinition.java:89)
at ✽.user enters an <EmailID> on check out login page(file:///C:/Users/Administrator/Documents/TFGHobbs/src/test/resources/features/DESKTOP_JOURNEY_1_UK.feature:40)
... Removed 4 stack frames]]>
    </failure>
  </testcase> <!-- runScenario -->
  <testcase classname="io.cucumber.testng.AbstractTestNGCucumberTests" name="runScenario" time="0.772">
    <failure type="java.lang.AssertionError" message="expected [true] but found [false]">
      <![CDATA[java.lang.AssertionError: expected [true] but found [false]
at stepdefs.CheckoutDeliveryStepDefinition.user_enters_the_customer_details(CheckoutDeliveryStepDefinition.java:233)
at ✽.user enters the customer details for "UK"(file:///C:/Users/Administrator/Documents/TFGHobbs/src/test/resources/features/DESKTOP_JOURNEY_1_UK.feature:50)
... Removed 4 stack frames]]>
    </failure>
  </testcase> <!-- runScenario -->
  <testcase classname="io.cucumber.testng.AbstractTestNGCucumberTests" name="runScenario" time="2.159">
    <failure type="java.lang.AssertionError" message="expected [true] but found [false]">
      <![CDATA[java.lang.AssertionError: expected [true] but found [false]
at stepdefs.CheckoutDeliveryStepDefinition.user_selects_a_delivery_method(CheckoutDeliveryStepDefinition.java:71)
at ✽.user selects a <Delivery> method(file:///C:/Users/Administrator/Documents/TFGHobbs/src/test/resources/features/DESKTOP_JOURNEY_1_UK.feature:58)
... Removed 4 stack frames]]>
    </failure>
  </testcase> <!-- runScenario -->
  <testcase classname="io.cucumber.testng.AbstractTestNGCucumberTests" name="runScenario" time="1.035">
    <failure type="java.lang.AssertionError" message="expected [true] but found [false]">
      <![CDATA[java.lang.AssertionError: expected [true] but found [false]
at stepdefs.CheckoutDeliveryStepDefinition.user_clicks_on_continue_to_payment_cta_button(CheckoutDeliveryStepDefinition.java:175)
at ✽.user clicks on continue to Payment CTA button(file:///C:/Users/Administrator/Documents/TFGHobbs/src/test/resources/features/DESKTOP_JOURNEY_1_UK.feature:67)
... Removed 4 stack frames]]>
    </failure>
  </testcase> <!-- runScenario -->
  <testcase classname="io.cucumber.testng.AbstractTestNGCucumberTests" name="runScenario" time="0.053">
    <failure type="java.lang.AssertionError" message="expected [true] but found [false]">
      <![CDATA[java.lang.AssertionError: expected [true] but found [false]
at stepdefs.CheckoutPaymentStepDefinition.user_selects_payment_type_payment_method(CheckoutPaymentStepDefinition.java:59)
at ✽.user selects <PaymentType> payment method(file:///C:/Users/Administrator/Documents/TFGHobbs/src/test/resources/features/DESKTOP_JOURNEY_1_UK.feature:72)
... Removed 4 stack frames]]>
    </failure>
  </testcase> <!-- runScenario -->
  <testcase classname="io.cucumber.testng.AbstractTestNGCucumberTests" name="runScenario" time="0.028">
    <failure type="java.lang.AssertionError" message="expected [true] but found [false]">
      <![CDATA[java.lang.AssertionError: expected [true] but found [false]
at stepdefs.CheckoutPaymentStepDefinition.user_clicks_on_place_order_and_pay_securely_cta(CheckoutPaymentStepDefinition.java:128)
at ✽.user clicks on place order and pay securely CTA(file:///C:/Users/Administrator/Documents/TFGHobbs/src/test/resources/features/DESKTOP_JOURNEY_1_UK.feature:83)
... Removed 4 stack frames]]>
    </failure>
  </testcase> <!-- runScenario -->
  <testcase classname="io.cucumber.testng.AbstractTestNGCucumberTests" name="runScenario" time="0.042">
    <failure type="java.lang.AssertionError" message="expected [true] but found [false]">
      <![CDATA[java.lang.AssertionError: expected [true] but found [false]
at stepdefs.HomePageStepDefinition.user_clicks_on_brand_logo(HomePageStepDefinition.java:346)
at ✽.user clicks on brand logo(file:///C:/Users/Administrator/Documents/TFGHobbs/src/test/resources/features/DESKTOP_JOURNEY_1_UK.feature:88)
... Removed 4 stack frames]]>
    </failure>
  </testcase> <!-- runScenario -->
</testsuite> <!-- Edge Browser Execution -->
