<html>
<head>
<title>TestNG:  Edge Browser Execution</title>
<link href="../testng.css" rel="stylesheet" type="text/css" />
<link href="../my-testng.css" rel="stylesheet" type="text/css" />

<style type="text/css">
.log { display: none;} 
.stack-trace { display: none;} 
</style>
<script type="text/javascript">
<!--
function flip(e) {
  current = e.style.display;
  if (current == 'block') {
    e.style.display = 'none';
    return 0;
  }
  else {
    e.style.display = 'block';
    return 1;
  }
}

function toggleBox(szDivId, elem, msg1, msg2)
{
  var res = -1;  if (document.getElementById) {
    res = flip(document.getElementById(szDivId));
  }
  else if (document.all) {
    // this is the way old msie versions work
    res = flip(document.all[szDivId]);
  }
  if(elem) {
    if(res == 0) elem.innerHTML = msg1; else elem.innerHTML = msg2;
  }

}

function toggleAllBoxes() {
  if (document.getElementsByTagName) {
    d = document.getElementsByTagName('div');
    for (i = 0; i < d.length; i++) {
      if (d[i].className == 'log') {
        flip(d[i]);
      }
    }
  }
}

// -->
</script>

</head>
<body>
<h2 align='center'>Edge Browser Execution</h2><table border='1' align="center">
<tr>
<td>Tests passed/Failed/Skipped:</td><td>0/12/0</td>
</tr><tr>
<td>Started on:</td><td>Mon Apr 04 08:28:36 GMT 2022</td>
</tr>
<tr><td>Total time:</td><td>34 seconds (34307 ms)</td>
</tr><tr>
<td>Included groups:</td><td></td>
</tr><tr>
<td>Excluded groups:</td><td></td>
</tr>
</table><p/>
<small><i>(Hover the method name to see the test class name)</i></small><p/>
<table width='100%' border='1' class='invocation-failed'>
<tr><td colspan='4' align='center'><b>FAILED TESTS</b></td></tr>
<tr><td><b>Test method</b></td>
<td width="30%"><b>Exception</b></td>
<td width="10%"><b>Time (seconds)</b></td>
<td><b>Instance</b></td>
</tr>
<tr>
<td title='runner.RunTestNGTest.runScenario()'><b>runScenario</b><br>Test class: runner.RunTestNGTest<br>Test method: Runs Cucumber Scenarios<br>Parameters: "Land on Home page", "GuestCustomer_NoFilters_PayByCard_UK"</td>
<td><div><pre>java.lang.AssertionError: expected [true] but found [false]
	at stepdefs.HomePageStepDefinition.user_is_on_home_page(HomePageStepDefinition.java:205)
	at ?.user is on home page for website &quot;UK&quot;(file:///C:/Users/Administrator/Documents/TFGHobbs/src/test/resources/features/DESKTOP_JOURNEY_1_UK.feature:9)
... Removed 4 stack frames</pre></div><a href='#' onClick='toggleBox("stack-trace547507935", this, "Click to show all stack frames", "Click to hide stack frames")'>Click to show all stack frames</a>
<div class='stack-trace' id='stack-trace547507935'><pre>java.lang.AssertionError: expected [true] but found [false]
	at org.testng.Assert.fail(Assert.java:97)
	at org.testng.Assert.failNotEquals(Assert.java:969)
	at org.testng.Assert.assertTrue(Assert.java:43)
	at org.testng.Assert.assertTrue(Assert.java:53)
	at stepdefs.HomePageStepDefinition.user_is_on_home_page(HomePageStepDefinition.java:205)
	at ?.user is on home page for website &quot;UK&quot;(file:///C:/Users/Administrator/Documents/TFGHobbs/src/test/resources/features/DESKTOP_JOURNEY_1_UK.feature:9)
</pre></div></td>
<td>26</td>
<td>runner.RunTestNGTest@710636b0</td></tr>
<tr>
<td title='runner.RunTestNGTest.runScenario()'><b>runScenario</b><br>Test class: runner.RunTestNGTest<br>Test method: Runs Cucumber Scenarios<br>Parameters: "Search Product in Homepage and Land on PDP", "GuestCustomer_NoFilters_PayByCard_UK"</td>
<td><div><pre>java.lang.AssertionError: expected [true] but found [false]
	at stepdefs.PDPStepDefinition.user_searches_for_product_from_HomePage_and_lands_on_PDP(PDPStepDefinition.java:103)
	at ?.user searches for product from HomePage and lands on PDP(file:///C:/Users/Administrator/Documents/TFGHobbs/src/test/resources/features/DESKTOP_JOURNEY_1_UK.feature:19)
... Removed 4 stack frames</pre></div><a href='#' onClick='toggleBox("stack-trace1442883034", this, "Click to show all stack frames", "Click to hide stack frames")'>Click to show all stack frames</a>
<div class='stack-trace' id='stack-trace1442883034'><pre>java.lang.AssertionError: expected [true] but found [false]
	at org.testng.Assert.fail(Assert.java:97)
	at org.testng.Assert.failNotEquals(Assert.java:969)
	at org.testng.Assert.assertTrue(Assert.java:43)
	at org.testng.Assert.assertTrue(Assert.java:53)
	at stepdefs.PDPStepDefinition.user_searches_for_product_from_HomePage_and_lands_on_PDP(PDPStepDefinition.java:103)
	at ?.user searches for product from HomePage and lands on PDP(file:///C:/Users/Administrator/Documents/TFGHobbs/src/test/resources/features/DESKTOP_JOURNEY_1_UK.feature:19)
</pre></div></td>
<td>0</td>
<td>runner.RunTestNGTest@710636b0</td></tr>
<tr>
<td title='runner.RunTestNGTest.runScenario()'><b>runScenario</b><br>Test class: runner.RunTestNGTest<br>Test method: Runs Cucumber Scenarios<br>Parameters: "Select random size on PDP", "GuestCustomer_NoFilters_PayByCard_UK"</td>
<td><div><pre>java.lang.AssertionError: expected [true] but found [false]
	at stepdefs.PLPStepDefinition.select_random_size_from_PLP(PLPStepDefinition.java:965)
	at ?.user selects randon size for the product(file:///C:/Users/Administrator/Documents/TFGHobbs/src/test/resources/features/DESKTOP_JOURNEY_1_UK.feature:25)
... Removed 4 stack frames</pre></div><a href='#' onClick='toggleBox("stack-trace1968751179", this, "Click to show all stack frames", "Click to hide stack frames")'>Click to show all stack frames</a>
<div class='stack-trace' id='stack-trace1968751179'><pre>java.lang.AssertionError: expected [true] but found [false]
	at org.testng.Assert.fail(Assert.java:97)
	at org.testng.Assert.failNotEquals(Assert.java:969)
	at org.testng.Assert.assertTrue(Assert.java:43)
	at org.testng.Assert.assertTrue(Assert.java:53)
	at stepdefs.PLPStepDefinition.select_random_size_from_PLP(PLPStepDefinition.java:965)
	at ?.user selects randon size for the product(file:///C:/Users/Administrator/Documents/TFGHobbs/src/test/resources/features/DESKTOP_JOURNEY_1_UK.feature:25)
</pre></div></td>
<td>1</td>
<td>runner.RunTestNGTest@710636b0</td></tr>
<tr>
<td title='runner.RunTestNGTest.runScenario()'><b>runScenario</b><br>Test class: runner.RunTestNGTest<br>Test method: Runs Cucumber Scenarios<br>Parameters: "Go to bag page", "GuestCustomer_NoFilters_PayByCard_UK"</td>
<td><div><pre>java.lang.AssertionError: expected [true] but found [false]
	at stepdefs.PDPStepDefinition.user_clicks_on_view_bag(PDPStepDefinition.java:157)
	at ?.user clicks on view bag(file:///C:/Users/Administrator/Documents/TFGHobbs/src/test/resources/features/DESKTOP_JOURNEY_1_UK.feature:30)
... Removed 4 stack frames</pre></div><a href='#' onClick='toggleBox("stack-trace1819552644", this, "Click to show all stack frames", "Click to hide stack frames")'>Click to show all stack frames</a>
<div class='stack-trace' id='stack-trace1819552644'><pre>java.lang.AssertionError: expected [true] but found [false]
	at org.testng.Assert.fail(Assert.java:97)
	at org.testng.Assert.failNotEquals(Assert.java:969)
	at org.testng.Assert.assertTrue(Assert.java:43)
	at org.testng.Assert.assertTrue(Assert.java:53)
	at stepdefs.PDPStepDefinition.user_clicks_on_view_bag(PDPStepDefinition.java:157)
	at ?.user clicks on view bag(file:///C:/Users/Administrator/Documents/TFGHobbs/src/test/resources/features/DESKTOP_JOURNEY_1_UK.feature:30)
</pre></div></td>
<td>1</td>
<td>runner.RunTestNGTest@710636b0</td></tr>
<tr>
<td title='runner.RunTestNGTest.runScenario()'><b>runScenario</b><br>Test class: runner.RunTestNGTest<br>Test method: Runs Cucumber Scenarios<br>Parameters: "Click on checkout securely", "GuestCustomer_NoFilters_PayByCard_UK"</td>
<td><div><pre>java.lang.AssertionError: expected [true] but found [false]
	at stepdefs.BasketStepDefinition.user_clicks_on_check_out_securely_button(BasketStepDefinition.java:57)
	at ?.user clicks on check out securely button(file:///C:/Users/Administrator/Documents/TFGHobbs/src/test/resources/features/DESKTOP_JOURNEY_1_UK.feature:35)
... Removed 4 stack frames</pre></div><a href='#' onClick='toggleBox("stack-trace927744186", this, "Click to show all stack frames", "Click to hide stack frames")'>Click to show all stack frames</a>
<div class='stack-trace' id='stack-trace927744186'><pre>java.lang.AssertionError: expected [true] but found [false]
	at org.testng.Assert.fail(Assert.java:97)
	at org.testng.Assert.failNotEquals(Assert.java:969)
	at org.testng.Assert.assertTrue(Assert.java:43)
	at org.testng.Assert.assertTrue(Assert.java:53)
	at stepdefs.BasketStepDefinition.user_clicks_on_check_out_securely_button(BasketStepDefinition.java:57)
	at ?.user clicks on check out securely button(file:///C:/Users/Administrator/Documents/TFGHobbs/src/test/resources/features/DESKTOP_JOURNEY_1_UK.feature:35)
</pre></div></td>
<td>0</td>
<td>runner.RunTestNGTest@710636b0</td></tr>
<tr>
<td title='runner.RunTestNGTest.runScenario()'><b>runScenario</b><br>Test class: runner.RunTestNGTest<br>Test method: Runs Cucumber Scenarios<br>Parameters: "Checkout as guest with non-registered email address", "GuestCustomer_NoFilters_PayByCard_UK"</td>
<td><div><pre>java.lang.AssertionError: expected [true] but found [false]
	at stepdefs.CheckoutLoginStepDefinition.user_enters_an_email_id_on_check_out_login_page(CheckoutLoginStepDefinition.java:89)
	at ?.user enters an &lt;EmailID&gt; on check out login page(file:///C:/Users/Administrator/Documents/TFGHobbs/src/test/resources/features/DESKTOP_JOURNEY_1_UK.feature:40)
... Removed 4 stack frames</pre></div><a href='#' onClick='toggleBox("stack-trace398468940", this, "Click to show all stack frames", "Click to hide stack frames")'>Click to show all stack frames</a>
<div class='stack-trace' id='stack-trace398468940'><pre>java.lang.AssertionError: expected [true] but found [false]
	at org.testng.Assert.fail(Assert.java:97)
	at org.testng.Assert.failNotEquals(Assert.java:969)
	at org.testng.Assert.assertTrue(Assert.java:43)
	at org.testng.Assert.assertTrue(Assert.java:53)
	at stepdefs.CheckoutLoginStepDefinition.user_enters_an_email_id_on_check_out_login_page(CheckoutLoginStepDefinition.java:89)
	at ?.user enters an &lt;EmailID&gt; on check out login page(file:///C:/Users/Administrator/Documents/TFGHobbs/src/test/resources/features/DESKTOP_JOURNEY_1_UK.feature:40)
</pre></div></td>
<td>0</td>
<td>runner.RunTestNGTest@710636b0</td></tr>
<tr>
<td title='runner.RunTestNGTest.runScenario()'><b>runScenario</b><br>Test class: runner.RunTestNGTest<br>Test method: Runs Cucumber Scenarios<br>Parameters: "Enter customer details", "GuestCustomer_NoFilters_PayByCard_UK"</td>
<td><div><pre>java.lang.AssertionError: expected [true] but found [false]
	at stepdefs.CheckoutDeliveryStepDefinition.user_enters_the_customer_details(CheckoutDeliveryStepDefinition.java:233)
	at ?.user enters the customer details for &quot;UK&quot;(file:///C:/Users/Administrator/Documents/TFGHobbs/src/test/resources/features/DESKTOP_JOURNEY_1_UK.feature:50)
... Removed 4 stack frames</pre></div><a href='#' onClick='toggleBox("stack-trace1332009419", this, "Click to show all stack frames", "Click to hide stack frames")'>Click to show all stack frames</a>
<div class='stack-trace' id='stack-trace1332009419'><pre>java.lang.AssertionError: expected [true] but found [false]
	at org.testng.Assert.fail(Assert.java:97)
	at org.testng.Assert.failNotEquals(Assert.java:969)
	at org.testng.Assert.assertTrue(Assert.java:43)
	at org.testng.Assert.assertTrue(Assert.java:53)
	at stepdefs.CheckoutDeliveryStepDefinition.user_enters_the_customer_details(CheckoutDeliveryStepDefinition.java:233)
	at ?.user enters the customer details for &quot;UK&quot;(file:///C:/Users/Administrator/Documents/TFGHobbs/src/test/resources/features/DESKTOP_JOURNEY_1_UK.feature:50)
</pre></div></td>
<td>0</td>
<td>runner.RunTestNGTest@710636b0</td></tr>
<tr>
<td title='runner.RunTestNGTest.runScenario()'><b>runScenario</b><br>Test class: runner.RunTestNGTest<br>Test method: Runs Cucumber Scenarios<br>Parameters: "Select home delivery", "GuestCustomer_NoFilters_PayByCard_UK"</td>
<td><div><pre>java.lang.AssertionError: expected [true] but found [false]
	at stepdefs.CheckoutDeliveryStepDefinition.user_selects_a_delivery_method(CheckoutDeliveryStepDefinition.java:71)
	at ?.user selects a &lt;Delivery&gt; method(file:///C:/Users/Administrator/Documents/TFGHobbs/src/test/resources/features/DESKTOP_JOURNEY_1_UK.feature:58)
... Removed 4 stack frames</pre></div><a href='#' onClick='toggleBox("stack-trace159883451", this, "Click to show all stack frames", "Click to hide stack frames")'>Click to show all stack frames</a>
<div class='stack-trace' id='stack-trace159883451'><pre>java.lang.AssertionError: expected [true] but found [false]
	at org.testng.Assert.fail(Assert.java:97)
	at org.testng.Assert.failNotEquals(Assert.java:969)
	at org.testng.Assert.assertTrue(Assert.java:43)
	at org.testng.Assert.assertTrue(Assert.java:53)
	at stepdefs.CheckoutDeliveryStepDefinition.user_selects_a_delivery_method(CheckoutDeliveryStepDefinition.java:71)
	at ?.user selects a &lt;Delivery&gt; method(file:///C:/Users/Administrator/Documents/TFGHobbs/src/test/resources/features/DESKTOP_JOURNEY_1_UK.feature:58)
</pre></div></td>
<td>2</td>
<td>runner.RunTestNGTest@710636b0</td></tr>
<tr>
<td title='runner.RunTestNGTest.runScenario()'><b>runScenario</b><br>Test class: runner.RunTestNGTest<br>Test method: Runs Cucumber Scenarios<br>Parameters: "Proceed to payment page", "GuestCustomer_NoFilters_PayByCard_UK"</td>
<td><div><pre>java.lang.AssertionError: expected [true] but found [false]
	at stepdefs.CheckoutDeliveryStepDefinition.user_clicks_on_continue_to_payment_cta_button(CheckoutDeliveryStepDefinition.java:175)
	at ?.user clicks on continue to Payment CTA button(file:///C:/Users/Administrator/Documents/TFGHobbs/src/test/resources/features/DESKTOP_JOURNEY_1_UK.feature:67)
... Removed 4 stack frames</pre></div><a href='#' onClick='toggleBox("stack-trace749625255", this, "Click to show all stack frames", "Click to hide stack frames")'>Click to show all stack frames</a>
<div class='stack-trace' id='stack-trace749625255'><pre>java.lang.AssertionError: expected [true] but found [false]
	at org.testng.Assert.fail(Assert.java:97)
	at org.testng.Assert.failNotEquals(Assert.java:969)
	at org.testng.Assert.assertTrue(Assert.java:43)
	at org.testng.Assert.assertTrue(Assert.java:53)
	at stepdefs.CheckoutDeliveryStepDefinition.user_clicks_on_continue_to_payment_cta_button(CheckoutDeliveryStepDefinition.java:175)
	at ?.user clicks on continue to Payment CTA button(file:///C:/Users/Administrator/Documents/TFGHobbs/src/test/resources/features/DESKTOP_JOURNEY_1_UK.feature:67)
</pre></div></td>
<td>1</td>
<td>runner.RunTestNGTest@710636b0</td></tr>
<tr>
<td title='runner.RunTestNGTest.runScenario()'><b>runScenario</b><br>Test class: runner.RunTestNGTest<br>Test method: Runs Cucumber Scenarios<br>Parameters: "Pay by Card", "GuestCustomer_NoFilters_PayByCard_UK"</td>
<td><div><pre>java.lang.AssertionError: expected [true] but found [false]
	at stepdefs.CheckoutPaymentStepDefinition.user_selects_payment_type_payment_method(CheckoutPaymentStepDefinition.java:59)
	at ?.user selects &lt;PaymentType&gt; payment method(file:///C:/Users/Administrator/Documents/TFGHobbs/src/test/resources/features/DESKTOP_JOURNEY_1_UK.feature:72)
... Removed 4 stack frames</pre></div><a href='#' onClick='toggleBox("stack-trace793575862", this, "Click to show all stack frames", "Click to hide stack frames")'>Click to show all stack frames</a>
<div class='stack-trace' id='stack-trace793575862'><pre>java.lang.AssertionError: expected [true] but found [false]
	at org.testng.Assert.fail(Assert.java:97)
	at org.testng.Assert.failNotEquals(Assert.java:969)
	at org.testng.Assert.assertTrue(Assert.java:43)
	at org.testng.Assert.assertTrue(Assert.java:53)
	at stepdefs.CheckoutPaymentStepDefinition.user_selects_payment_type_payment_method(CheckoutPaymentStepDefinition.java:59)
	at ?.user selects &lt;PaymentType&gt; payment method(file:///C:/Users/Administrator/Documents/TFGHobbs/src/test/resources/features/DESKTOP_JOURNEY_1_UK.feature:72)
</pre></div></td>
<td>0</td>
<td>runner.RunTestNGTest@710636b0</td></tr>
<tr>
<td title='runner.RunTestNGTest.runScenario()'><b>runScenario</b><br>Test class: runner.RunTestNGTest<br>Test method: Runs Cucumber Scenarios<br>Parameters: "Click on payment CTA and lands on confirmation page", "GuestCustomer_NoFilters_PayByCard_UK"</td>
<td><div><pre>java.lang.AssertionError: expected [true] but found [false]
	at stepdefs.CheckoutPaymentStepDefinition.user_clicks_on_place_order_and_pay_securely_cta(CheckoutPaymentStepDefinition.java:128)
	at ?.user clicks on place order and pay securely CTA(file:///C:/Users/Administrator/Documents/TFGHobbs/src/test/resources/features/DESKTOP_JOURNEY_1_UK.feature:83)
... Removed 4 stack frames</pre></div><a href='#' onClick='toggleBox("stack-trace954097071", this, "Click to show all stack frames", "Click to hide stack frames")'>Click to show all stack frames</a>
<div class='stack-trace' id='stack-trace954097071'><pre>java.lang.AssertionError: expected [true] but found [false]
	at org.testng.Assert.fail(Assert.java:97)
	at org.testng.Assert.failNotEquals(Assert.java:969)
	at org.testng.Assert.assertTrue(Assert.java:43)
	at org.testng.Assert.assertTrue(Assert.java:53)
	at stepdefs.CheckoutPaymentStepDefinition.user_clicks_on_place_order_and_pay_securely_cta(CheckoutPaymentStepDefinition.java:128)
	at ?.user clicks on place order and pay securely CTA(file:///C:/Users/Administrator/Documents/TFGHobbs/src/test/resources/features/DESKTOP_JOURNEY_1_UK.feature:83)
</pre></div></td>
<td>0</td>
<td>runner.RunTestNGTest@710636b0</td></tr>
<tr>
<td title='runner.RunTestNGTest.runScenario()'><b>runScenario</b><br>Test class: runner.RunTestNGTest<br>Test method: Runs Cucumber Scenarios<br>Parameters: "Return to HP", "GuestCustomer_NoFilters_PayByCard_UK"</td>
<td><div><pre>java.lang.AssertionError: expected [true] but found [false]
	at stepdefs.HomePageStepDefinition.user_clicks_on_brand_logo(HomePageStepDefinition.java:346)
	at ?.user clicks on brand logo(file:///C:/Users/Administrator/Documents/TFGHobbs/src/test/resources/features/DESKTOP_JOURNEY_1_UK.feature:88)
... Removed 4 stack frames</pre></div><a href='#' onClick='toggleBox("stack-trace1147411820", this, "Click to show all stack frames", "Click to hide stack frames")'>Click to show all stack frames</a>
<div class='stack-trace' id='stack-trace1147411820'><pre>java.lang.AssertionError: expected [true] but found [false]
	at org.testng.Assert.fail(Assert.java:97)
	at org.testng.Assert.failNotEquals(Assert.java:969)
	at org.testng.Assert.assertTrue(Assert.java:43)
	at org.testng.Assert.assertTrue(Assert.java:53)
	at stepdefs.HomePageStepDefinition.user_clicks_on_brand_logo(HomePageStepDefinition.java:346)
	at ?.user clicks on brand logo(file:///C:/Users/Administrator/Documents/TFGHobbs/src/test/resources/features/DESKTOP_JOURNEY_1_UK.feature:88)
</pre></div></td>
<td>0</td>
<td>runner.RunTestNGTest@710636b0</td></tr>
</table><p>
</body>
</html>