<html>
<head>
<title>TestNG:  FireFox Browser Execution</title>
<link href="../testng.css" rel="stylesheet" type="text/css" />
<link href="../my-testng.css" rel="stylesheet" type="text/css" />

<style type="text/css">
.log { display: none;} 
.stack-trace { display: none;} 
</style>
<script type="text/javascript">
<!--
function flip(e) {
  current = e.style.display;
  if (current == 'block') {
    e.style.display = 'none';
    return 0;
  }
  else {
    e.style.display = 'block';
    return 1;
  }
}

function toggleBox(szDivId, elem, msg1, msg2)
{
  var res = -1;  if (document.getElementById) {
    res = flip(document.getElementById(szDivId));
  }
  else if (document.all) {
    // this is the way old msie versions work
    res = flip(document.all[szDivId]);
  }
  if(elem) {
    if(res == 0) elem.innerHTML = msg1; else elem.innerHTML = msg2;
  }

}

function toggleAllBoxes() {
  if (document.getElementsByTagName) {
    d = document.getElementsByTagName('div');
    for (i = 0; i < d.length; i++) {
      if (d[i].className == 'log') {
        flip(d[i]);
      }
    }
  }
}

// -->
</script>

</head>
<body>
<h2 align='center'>FireFox Browser Execution</h2><table border='1' align="center">
<tr>
<td>Tests passed/Failed/Skipped:</td><td>8/6/0</td>
</tr><tr>
<td>Started on:</td><td>Fri Aug 12 13:19:11 GMT 2022</td>
</tr>
<tr><td>Total time:</td><td>525 seconds (525096 ms)</td>
</tr><tr>
<td>Included groups:</td><td></td>
</tr><tr>
<td>Excluded groups:</td><td></td>
</tr>
</table><p/>
<small><i>(Hover the method name to see the test class name)</i></small><p/>
<table width='100%' border='1' class='invocation-failed'>
<tr><td colspan='4' align='center'><b>FAILED TESTS</b></td></tr>
<tr><td><b>Test method</b></td>
<td width="30%"><b>Exception</b></td>
<td width="10%"><b>Time (seconds)</b></td>
<td><b>Instance</b></td>
</tr>
<tr>
<td title='runner.RunTestNGTest.runScenario()'><b>runScenario</b><br>Test class: runner.RunTestNGTest<br>Test method: Runs Cucumber Scenarios<br>Parameters: "Apply all  filters on PLP", "SortProducts_ApplyFilters_ImageToggle_Pagination_QuickAdd_UK"</td>
<td><div><pre>java.lang.AssertionError: expected [true] but found [false]
	at stepdefs.PLPStepDefinition.user_applies_all_filter_of_filter_name_in_main_filter_on_plp(PLPStepDefinition.java:718)
	at ?.user applies all filters &lt;FilterName&gt; in &lt;MainFilter&gt; on PLP(file:///C:/Users/Administrator/eclipse-workspace/TFGHobbs/src/test/resources/features/SortProducts_ApplyFilters_ImageToggle_Pagination_QuickAdd_UK.feature:65)
... Removed 4 stack frames</pre></div><a href='#' onClick='toggleBox("stack-trace2093965588", this, "Click to show all stack frames", "Click to hide stack frames")'>Click to show all stack frames</a>
<div class='stack-trace' id='stack-trace2093965588'><pre>java.lang.AssertionError: expected [true] but found [false]
	at org.testng.Assert.fail(Assert.java:97)
	at org.testng.Assert.failNotEquals(Assert.java:969)
	at org.testng.Assert.assertTrue(Assert.java:43)
	at org.testng.Assert.assertTrue(Assert.java:53)
	at stepdefs.PLPStepDefinition.user_applies_all_filter_of_filter_name_in_main_filter_on_plp(PLPStepDefinition.java:718)
	at ?.user applies all filters &lt;FilterName&gt; in &lt;MainFilter&gt; on PLP(file:///C:/Users/Administrator/eclipse-workspace/TFGHobbs/src/test/resources/features/SortProducts_ApplyFilters_ImageToggle_Pagination_QuickAdd_UK.feature:65)
</pre></div></td>
<td>86</td>
<td>runner.RunTestNGTest@239a307b</td></tr>
<tr>
<td title='runner.RunTestNGTest.runScenario()'><b>runScenario</b><br>Test class: runner.RunTestNGTest<br>Test method: Runs Cucumber Scenarios<br>Parameters: "Remove all  filters on PLP", "SortProducts_ApplyFilters_ImageToggle_Pagination_QuickAdd_UK"</td>
<td><div><pre>java.lang.AssertionError: expected [true] but found [false]
	at stepdefs.PLPStepDefinition.user_clicks_on_clearAll_filters(PLPStepDefinition.java:1046)
	at ?.user clicks on clearAll filters(file:///C:/Users/Administrator/eclipse-workspace/TFGHobbs/src/test/resources/features/SortProducts_ApplyFilters_ImageToggle_Pagination_QuickAdd_UK.feature:80)
... Removed 4 stack frames</pre></div><a href='#' onClick='toggleBox("stack-trace1553686114", this, "Click to show all stack frames", "Click to hide stack frames")'>Click to show all stack frames</a>
<div class='stack-trace' id='stack-trace1553686114'><pre>java.lang.AssertionError: expected [true] but found [false]
	at org.testng.Assert.fail(Assert.java:97)
	at org.testng.Assert.failNotEquals(Assert.java:969)
	at org.testng.Assert.assertTrue(Assert.java:43)
	at org.testng.Assert.assertTrue(Assert.java:53)
	at stepdefs.PLPStepDefinition.user_clicks_on_clearAll_filters(PLPStepDefinition.java:1046)
	at ?.user clicks on clearAll filters(file:///C:/Users/Administrator/eclipse-workspace/TFGHobbs/src/test/resources/features/SortProducts_ApplyFilters_ImageToggle_Pagination_QuickAdd_UK.feature:80)
</pre></div></td>
<td>0</td>
<td>runner.RunTestNGTest@239a307b</td></tr>
<tr>
<td title='runner.RunTestNGTest.runScenario()'><b>runScenario</b><br>Test class: runner.RunTestNGTest<br>Test method: Runs Cucumber Scenarios<br>Parameters: "Click on show XX items per page", "SortProducts_ApplyFilters_ImageToggle_Pagination_QuickAdd_UK"</td>
<td><div><pre>java.lang.AssertionError: expected [true] but found [false]
	at stepdefs.PLPStepDefinition.check_products(PLPStepDefinition.java:1098)
	at ?.user clicks on xx items per page(file:///C:/Users/Administrator/eclipse-workspace/TFGHobbs/src/test/resources/features/SortProducts_ApplyFilters_ImageToggle_Pagination_QuickAdd_UK.feature:85)
... Removed 4 stack frames</pre></div><a href='#' onClick='toggleBox("stack-trace1691955350", this, "Click to show all stack frames", "Click to hide stack frames")'>Click to show all stack frames</a>
<div class='stack-trace' id='stack-trace1691955350'><pre>java.lang.AssertionError: expected [true] but found [false]
	at org.testng.Assert.fail(Assert.java:97)
	at org.testng.Assert.failNotEquals(Assert.java:969)
	at org.testng.Assert.assertTrue(Assert.java:43)
	at org.testng.Assert.assertTrue(Assert.java:53)
	at stepdefs.PLPStepDefinition.check_products(PLPStepDefinition.java:1098)
	at ?.user clicks on xx items per page(file:///C:/Users/Administrator/eclipse-workspace/TFGHobbs/src/test/resources/features/SortProducts_ApplyFilters_ImageToggle_Pagination_QuickAdd_UK.feature:85)
</pre></div></td>
<td>0</td>
<td>runner.RunTestNGTest@239a307b</td></tr>
<tr>
<td title='runner.RunTestNGTest.runScenario()'><b>runScenario</b><br>Test class: runner.RunTestNGTest<br>Test method: Runs Cucumber Scenarios<br>Parameters: "Click on next and previous page", "SortProducts_ApplyFilters_ImageToggle_Pagination_QuickAdd_UK"</td>
<td><div><pre>java.lang.AssertionError: expected [true] but found [false]
	at stepdefs.PLPStepDefinition.user_clicks_on_forward_arrow_button(PLPStepDefinition.java:415)
	at ?.user clicks on forward_arrow button(file:///C:/Users/Administrator/eclipse-workspace/TFGHobbs/src/test/resources/features/SortProducts_ApplyFilters_ImageToggle_Pagination_QuickAdd_UK.feature:90)
... Removed 4 stack frames</pre></div><a href='#' onClick='toggleBox("stack-trace106784320", this, "Click to show all stack frames", "Click to hide stack frames")'>Click to show all stack frames</a>
<div class='stack-trace' id='stack-trace106784320'><pre>java.lang.AssertionError: expected [true] but found [false]
	at org.testng.Assert.fail(Assert.java:97)
	at org.testng.Assert.failNotEquals(Assert.java:969)
	at org.testng.Assert.assertTrue(Assert.java:43)
	at org.testng.Assert.assertTrue(Assert.java:53)
	at stepdefs.PLPStepDefinition.user_clicks_on_forward_arrow_button(PLPStepDefinition.java:415)
	at ?.user clicks on forward_arrow button(file:///C:/Users/Administrator/eclipse-workspace/TFGHobbs/src/test/resources/features/SortProducts_ApplyFilters_ImageToggle_Pagination_QuickAdd_UK.feature:90)
</pre></div></td>
<td>16</td>
<td>runner.RunTestNGTest@239a307b</td></tr>
<tr>
<td title='runner.RunTestNGTest.runScenario()'><b>runScenario</b><br>Test class: runner.RunTestNGTest<br>Test method: Runs Cucumber Scenarios<br>Parameters: "Click model image toggle", "SortProducts_ApplyFilters_ImageToggle_Pagination_QuickAdd_UK"</td>
<td><div><pre>java.lang.AssertionError: expected [true] but found [false]
	at stepdefs.PLPStepDefinition.model_image_toggle(PLPStepDefinition.java:1183)
	at ?.user click on model image toggle(file:///C:/Users/Administrator/eclipse-workspace/TFGHobbs/src/test/resources/features/SortProducts_ApplyFilters_ImageToggle_Pagination_QuickAdd_UK.feature:97)
... Removed 4 stack frames</pre></div><a href='#' onClick='toggleBox("stack-trace499774893", this, "Click to show all stack frames", "Click to hide stack frames")'>Click to show all stack frames</a>
<div class='stack-trace' id='stack-trace499774893'><pre>java.lang.AssertionError: expected [true] but found [false]
	at org.testng.Assert.fail(Assert.java:97)
	at org.testng.Assert.failNotEquals(Assert.java:969)
	at org.testng.Assert.assertTrue(Assert.java:43)
	at org.testng.Assert.assertTrue(Assert.java:53)
	at stepdefs.PLPStepDefinition.model_image_toggle(PLPStepDefinition.java:1183)
	at ?.user click on model image toggle(file:///C:/Users/Administrator/eclipse-workspace/TFGHobbs/src/test/resources/features/SortProducts_ApplyFilters_ImageToggle_Pagination_QuickAdd_UK.feature:97)
</pre></div></td>
<td>0</td>
<td>runner.RunTestNGTest@239a307b</td></tr>
<tr>
<td title='runner.RunTestNGTest.runScenario()'><b>runScenario</b><br>Test class: runner.RunTestNGTest<br>Test method: Runs Cucumber Scenarios<br>Parameters: "Quick add to bag from PLP", "SortProducts_ApplyFilters_ImageToggle_Pagination_QuickAdd_UK"</td>
<td><div><pre>java.lang.AssertionError: expected [true] but found [false]
	at stepdefs.PLPStepDefinition.quick_add(PLPStepDefinition.java:1223)
	at ?.user clicks on image and select quick add option(file:///C:/Users/Administrator/eclipse-workspace/TFGHobbs/src/test/resources/features/SortProducts_ApplyFilters_ImageToggle_Pagination_QuickAdd_UK.feature:102)
... Removed 4 stack frames</pre></div><a href='#' onClick='toggleBox("stack-trace298424794", this, "Click to show all stack frames", "Click to hide stack frames")'>Click to show all stack frames</a>
<div class='stack-trace' id='stack-trace298424794'><pre>java.lang.AssertionError: expected [true] but found [false]
	at org.testng.Assert.fail(Assert.java:97)
	at org.testng.Assert.failNotEquals(Assert.java:969)
	at org.testng.Assert.assertTrue(Assert.java:43)
	at org.testng.Assert.assertTrue(Assert.java:53)
	at stepdefs.PLPStepDefinition.quick_add(PLPStepDefinition.java:1223)
	at ?.user clicks on image and select quick add option(file:///C:/Users/Administrator/eclipse-workspace/TFGHobbs/src/test/resources/features/SortProducts_ApplyFilters_ImageToggle_Pagination_QuickAdd_UK.feature:102)
</pre></div></td>
<td>0</td>
<td>runner.RunTestNGTest@239a307b</td></tr>
</table><p>
<table width='100%' border='1' class='invocation-passed'>
<tr><td colspan='4' align='center'><b>PASSED TESTS</b></td></tr>
<tr><td><b>Test method</b></td>
<td width="30%"><b>Exception</b></td>
<td width="10%"><b>Time (seconds)</b></td>
<td><b>Instance</b></td>
</tr>
<tr>
<td title='runner.RunTestNGTest.runScenario()'><b>runScenario</b><br>Test class: runner.RunTestNGTest<br>Test method: Runs Cucumber Scenarios<br>Parameters: "Land on Home page", "SortProducts_ApplyFilters_ImageToggle_Pagination_QuickAdd_UK"</td>
<td></td>
<td>46</td>
<td>runner.RunTestNGTest@239a307b</td></tr>
<tr>
<td title='runner.RunTestNGTest.runScenario()'><b>runScenario</b><br>Test class: runner.RunTestNGTest<br>Test method: Runs Cucumber Scenarios<br>Parameters: "Click on random nav category and Land on PLP", "SortProducts_ApplyFilters_ImageToggle_Pagination_QuickAdd_UK"</td>
<td></td>
<td>30</td>
<td>runner.RunTestNGTest@239a307b</td></tr>
<tr>
<td title='runner.RunTestNGTest.runScenario()'><b>runScenario</b><br>Test class: runner.RunTestNGTest<br>Test method: Runs Cucumber Scenarios<br>Parameters: "Sort by price  option from the sort dropdown", "SortProducts_ApplyFilters_ImageToggle_Pagination_QuickAdd_UK"</td>
<td></td>
<td>36</td>
<td>runner.RunTestNGTest@239a307b</td></tr>
<tr>
<td title='runner.RunTestNGTest.runScenario()'><b>runScenario</b><br>Test class: runner.RunTestNGTest<br>Test method: Runs Cucumber Scenarios<br>Parameters: "Sort by price high to low", "SortProducts_ApplyFilters_ImageToggle_Pagination_QuickAdd_UK"</td>
<td></td>
<td>78</td>
<td>runner.RunTestNGTest@239a307b</td></tr>
<tr>
<td title='runner.RunTestNGTest.runScenario()'><b>runScenario</b><br>Test class: runner.RunTestNGTest<br>Test method: Runs Cucumber Scenarios<br>Parameters: "Apply single filter on PLP", "SortProducts_ApplyFilters_ImageToggle_Pagination_QuickAdd_UK"</td>
<td></td>
<td>26</td>
<td>runner.RunTestNGTest@239a307b</td></tr>
<tr>
<td title='runner.RunTestNGTest.runScenario()'><b>runScenario</b><br>Test class: runner.RunTestNGTest<br>Test method: Runs Cucumber Scenarios<br>Parameters: "Remove single filter on PLP", "SortProducts_ApplyFilters_ImageToggle_Pagination_QuickAdd_UK"</td>
<td></td>
<td>42</td>
<td>runner.RunTestNGTest@239a307b</td></tr>
<tr>
<td title='runner.RunTestNGTest.runScenario()'><b>runScenario</b><br>Test class: runner.RunTestNGTest<br>Test method: Runs Cucumber Scenarios<br>Parameters: "Apply multiple filter on PLP", "SortProducts_ApplyFilters_ImageToggle_Pagination_QuickAdd_UK"</td>
<td></td>
<td>70</td>
<td>runner.RunTestNGTest@239a307b</td></tr>
<tr>
<td title='runner.RunTestNGTest.runScenario()'><b>runScenario</b><br>Test class: runner.RunTestNGTest<br>Test method: Runs Cucumber Scenarios<br>Parameters: "Remove multiple filter on PLP", "SortProducts_ApplyFilters_ImageToggle_Pagination_QuickAdd_UK"</td>
<td></td>
<td>89</td>
<td>runner.RunTestNGTest@239a307b</td></tr>
</table><p>
</body>
</html>