<?xml version="1.0" encoding="UTF-8"?>
<!-- Generated by org.testng.reporters.JUnitXMLReporter -->
<testsuite ignored="0" hostname="EC2AMAZ-C4MGU7T" failures="6" tests="14" name="FireFox Browser Execution" time="525.096" errors="0" timestamp="2022-08-12T13:27:56 GMT">
  <testcase classname="io.cucumber.testng.AbstractTestNGCucumberTests" name="runScenario" time="46.016"/>
  <testcase classname="io.cucumber.testng.AbstractTestNGCucumberTests" name="runScenario" time="30.894"/>
  <testcase classname="io.cucumber.testng.AbstractTestNGCucumberTests" name="runScenario" time="36.299"/>
  <testcase classname="io.cucumber.testng.AbstractTestNGCucumberTests" name="runScenario" time="78.442"/>
  <testcase classname="io.cucumber.testng.AbstractTestNGCucumberTests" name="runScenario" time="26.884"/>
  <testcase classname="io.cucumber.testng.AbstractTestNGCucumberTests" name="runScenario" time="42.469"/>
  <testcase classname="io.cucumber.testng.AbstractTestNGCucumberTests" name="runScenario" time="70.003"/>
  <testcase classname="io.cucumber.testng.AbstractTestNGCucumberTests" name="runScenario" time="89.973"/>
  <testcase classname="io.cucumber.testng.AbstractTestNGCucumberTests" name="runScenario" time="86.772">
    <failure type="java.lang.AssertionError" message="expected [true] but found [false]">
      <![CDATA[java.lang.AssertionError: expected [true] but found [false]
at stepdefs.PLPStepDefinition.user_applies_all_filter_of_filter_name_in_main_filter_on_plp(PLPStepDefinition.java:718)
at ✽.user applies all filters <FilterName> in <MainFilter> on PLP(file:///C:/Users/Administrator/eclipse-workspace/TFGHobbs/src/test/resources/features/SortProducts_ApplyFilters_ImageToggle_Pagination_QuickAdd_UK.feature:65)
... Removed 4 stack frames]]>
    </failure>
  </testcase> <!-- runScenario -->
  <testcase classname="io.cucumber.testng.AbstractTestNGCucumberTests" name="runScenario" time="0.068">
    <failure type="java.lang.AssertionError" message="expected [true] but found [false]">
      <![CDATA[java.lang.AssertionError: expected [true] but found [false]
at stepdefs.PLPStepDefinition.user_clicks_on_clearAll_filters(PLPStepDefinition.java:1046)
at ✽.user clicks on clearAll filters(file:///C:/Users/Administrator/eclipse-workspace/TFGHobbs/src/test/resources/features/SortProducts_ApplyFilters_ImageToggle_Pagination_QuickAdd_UK.feature:80)
... Removed 4 stack frames]]>
    </failure>
  </testcase> <!-- runScenario -->
  <testcase classname="io.cucumber.testng.AbstractTestNGCucumberTests" name="runScenario" time="0.044">
    <failure type="java.lang.AssertionError" message="expected [true] but found [false]">
      <![CDATA[java.lang.AssertionError: expected [true] but found [false]
at stepdefs.PLPStepDefinition.check_products(PLPStepDefinition.java:1098)
at ✽.user clicks on xx items per page(file:///C:/Users/Administrator/eclipse-workspace/TFGHobbs/src/test/resources/features/SortProducts_ApplyFilters_ImageToggle_Pagination_QuickAdd_UK.feature:85)
... Removed 4 stack frames]]>
    </failure>
  </testcase> <!-- runScenario -->
  <testcase classname="io.cucumber.testng.AbstractTestNGCucumberTests" name="runScenario" time="16.036">
    <failure type="java.lang.AssertionError" message="expected [true] but found [false]">
      <![CDATA[java.lang.AssertionError: expected [true] but found [false]
at stepdefs.PLPStepDefinition.user_clicks_on_forward_arrow_button(PLPStepDefinition.java:415)
at ✽.user clicks on forward_arrow button(file:///C:/Users/Administrator/eclipse-workspace/TFGHobbs/src/test/resources/features/SortProducts_ApplyFilters_ImageToggle_Pagination_QuickAdd_UK.feature:90)
... Removed 4 stack frames]]>
    </failure>
  </testcase> <!-- runScenario -->
  <testcase classname="io.cucumber.testng.AbstractTestNGCucumberTests" name="runScenario" time="0.03">
    <failure type="java.lang.AssertionError" message="expected [true] but found [false]">
      <![CDATA[java.lang.AssertionError: expected [true] but found [false]
at stepdefs.PLPStepDefinition.model_image_toggle(PLPStepDefinition.java:1183)
at ✽.user click on model image toggle(file:///C:/Users/Administrator/eclipse-workspace/TFGHobbs/src/test/resources/features/SortProducts_ApplyFilters_ImageToggle_Pagination_QuickAdd_UK.feature:97)
... Removed 4 stack frames]]>
    </failure>
  </testcase> <!-- runScenario -->
  <testcase classname="io.cucumber.testng.AbstractTestNGCucumberTests" name="runScenario" time="0.036">
    <failure type="java.lang.AssertionError" message="expected [true] but found [false]">
      <![CDATA[java.lang.AssertionError: expected [true] but found [false]
at stepdefs.PLPStepDefinition.quick_add(PLPStepDefinition.java:1223)
at ✽.user clicks on image and select quick add option(file:///C:/Users/Administrator/eclipse-workspace/TFGHobbs/src/test/resources/features/SortProducts_ApplyFilters_ImageToggle_Pagination_QuickAdd_UK.feature:102)
... Removed 4 stack frames]]>
    </failure>
  </testcase> <!-- runScenario -->
</testsuite> <!-- FireFox Browser Execution -->
