<?xml version="1.0" encoding="UTF-8"?>
<!-- Generated by org.testng.reporters.JUnitReportReporter -->
<testsuite hostname="EC2AMAZ-C4MGU7T" failures="11" tests="12" name="runner.RunTestNGTest" time="49.029" errors="1" timestamp="2022-08-23T04:56:04 GMT" skipped="0">
  <testcase classname="runner.RunTestNGTest" name="runScenario" time="0.033">
    <failure message="expected [true] but found [false]" type="java.lang.AssertionError">
      <![CDATA[java.lang.AssertionError: expected [true] but found [false]
at org.testng.Assert.fail(Assert.java:97)
at org.testng.Assert.failNotEquals(Assert.java:969)
at org.testng.Assert.assertTrue(Assert.java:43)
at org.testng.Assert.assertTrue(Assert.java:53)
at stepdefs.CheckoutPaymentStepDefinition.user_clicks_on_place_order_and_pay_securely_cta(CheckoutPaymentStepDefinition.java:128)
at ✽.user clicks on place order and pay securely CTA(file:///C:/Users/Administrator/eclipse-workspace/TFGHobbs/src/test/resources/features/GuestCustomer_NoFilters_PayByCard_AUS.feature:79)
]]>
    </failure>
  </testcase> <!-- runScenario -->
  <system-out/>
  <testcase classname="runner.RunTestNGTest" name="runScenario" time="0.687">
    <failure message="expected [true] but found [false]" type="java.lang.AssertionError">
      <![CDATA[java.lang.AssertionError: expected [true] but found [false]
at org.testng.Assert.fail(Assert.java:97)
at org.testng.Assert.failNotEquals(Assert.java:969)
at org.testng.Assert.assertTrue(Assert.java:43)
at org.testng.Assert.assertTrue(Assert.java:53)
at stepdefs.CheckoutDeliveryStepDefinition.user_enters_the_customer_details(CheckoutDeliveryStepDefinition.java:210)
at ✽.user enters the customer details for "AU"(file:///C:/Users/Administrator/eclipse-workspace/TFGHobbs/src/test/resources/features/GuestCustomer_NoFilters_PayByCard_AUS.feature:50)
]]>
    </failure>
  </testcase> <!-- runScenario -->
  <system-out/>
  <testcase classname="runner.RunTestNGTest" name="runScenario" time="0.046">
    <failure message="expected [true] but found [false]" type="java.lang.AssertionError">
      <![CDATA[java.lang.AssertionError: expected [true] but found [false]
at org.testng.Assert.fail(Assert.java:97)
at org.testng.Assert.failNotEquals(Assert.java:969)
at org.testng.Assert.assertTrue(Assert.java:43)
at org.testng.Assert.assertTrue(Assert.java:53)
at stepdefs.CheckoutPaymentStepDefinition.user_selects_payment_type_payment_method(CheckoutPaymentStepDefinition.java:59)
at ✽.user selects <PaymentType> payment method(file:///C:/Users/Administrator/eclipse-workspace/TFGHobbs/src/test/resources/features/GuestCustomer_NoFilters_PayByCard_AUS.feature:68)
]]>
    </failure>
  </testcase> <!-- runScenario -->
  <system-out/>
  <testcase classname="runner.RunTestNGTest" name="runScenario" time="10.049">
    <failure message="expected [true] but found [false]" type="java.lang.AssertionError">
      <![CDATA[java.lang.AssertionError: expected [true] but found [false]
at org.testng.Assert.fail(Assert.java:97)
at org.testng.Assert.failNotEquals(Assert.java:969)
at org.testng.Assert.assertTrue(Assert.java:43)
at org.testng.Assert.assertTrue(Assert.java:53)
at stepdefs.PLPStepDefinition.select_random_size_from_PLP(PLPStepDefinition.java:881)
at ✽.user selects randon size for the product(file:///C:/Users/Administrator/eclipse-workspace/TFGHobbs/src/test/resources/features/GuestCustomer_NoFilters_PayByCard_AUS.feature:26)
]]>
    </failure>
  </testcase> <!-- runScenario -->
  <system-out/>
  <testcase classname="runner.RunTestNGTest" name="runScenario" time="0.089">
    <failure message="expected [true] but found [false]" type="java.lang.AssertionError">
      <![CDATA[java.lang.AssertionError: expected [true] but found [false]
at org.testng.Assert.fail(Assert.java:97)
at org.testng.Assert.failNotEquals(Assert.java:969)
at org.testng.Assert.assertTrue(Assert.java:43)
at org.testng.Assert.assertTrue(Assert.java:53)
at stepdefs.CheckoutDeliveryStepDefinition.user_selects_default_delivery_method(CheckoutDeliveryStepDefinition.java:188)
at ✽.user selects default delivery method(file:///C:/Users/Administrator/eclipse-workspace/TFGHobbs/src/test/resources/features/GuestCustomer_NoFilters_PayByCard_AUS.feature:58)
]]>
    </failure>
  </testcase> <!-- runScenario -->
  <system-out/>
  <testcase classname="runner.RunTestNGTest" name="runScenario" time="1.041">
    <failure message="expected [true] but found [false]" type="java.lang.AssertionError">
      <![CDATA[java.lang.AssertionError: expected [true] but found [false]
at org.testng.Assert.fail(Assert.java:97)
at org.testng.Assert.failNotEquals(Assert.java:969)
at org.testng.Assert.assertTrue(Assert.java:43)
at org.testng.Assert.assertTrue(Assert.java:53)
at stepdefs.PDPStepDefinition.user_clicks_on_view_bag(PDPStepDefinition.java:159)
at ✽.user clicks on view bag(file:///C:/Users/Administrator/eclipse-workspace/TFGHobbs/src/test/resources/features/GuestCustomer_NoFilters_PayByCard_AUS.feature:31)
]]>
    </failure>
  </testcase> <!-- runScenario -->
  <system-out/>
  <testcase classname="runner.RunTestNGTest" name="runScenario" time="0.115">
    <failure message="expected [true] but found [false]" type="java.lang.AssertionError">
      <![CDATA[java.lang.AssertionError: expected [true] but found [false]
at org.testng.Assert.fail(Assert.java:97)
at org.testng.Assert.failNotEquals(Assert.java:969)
at org.testng.Assert.assertTrue(Assert.java:43)
at org.testng.Assert.assertTrue(Assert.java:53)
at stepdefs.PDPStepDefinition.user_searches_for_product_from_HomePage_and_lands_on_PDP(PDPStepDefinition.java:104)
at ✽.user searches for product from HomePage and lands on PDP(file:///C:/Users/Administrator/eclipse-workspace/TFGHobbs/src/test/resources/features/GuestCustomer_NoFilters_PayByCard_AUS.feature:20)
]]>
    </failure>
  </testcase> <!-- runScenario -->
  <system-out/>
  <testcase classname="runner.RunTestNGTest" name="runScenario" time="0.063">
    <error message="Session ID is null. Using WebDriver after calling quit()?
Build info: version: &#039;4.1.3&#039;, revision: &#039;7b1ebf28ef&#039;
System info: host: &#039;EC2AMAZ-C4MGU7T&#039;, ip: &#039;172.28.16.1&#039;, os.name: &#039;Windows Server 2019&#039;, os.arch: &#039;amd64&#039;, os.version: &#039;10.0&#039;, java.version: &#039;15.0.2&#039;
Driver info: org.openqa.selenium.chrome.ChromeDriver
Command: [null, findElement {using=xpath, value=//a[@class=&#039;navbar-header__logo-link&#039;]//img[@class=&#039;logo loading&#039;]}]
Capabilities {acceptInsecureCerts: false, browserName: chrome, browserVersion: 104.0.5112.102, chrome: {chromedriverVersion: 104.0.5112.79 (3cf3e8c8a07d..., userDataDir: C:\Users\ADMINI~1\AppData\L...}, goog:chromeOptions: {debuggerAddress: localhost:57296}, javascriptEnabled: true, networkConnectionEnabled: false, pageLoadStrategy: normal, platform: WINDOWS, platformName: WINDOWS, proxy: Proxy(), se:cdp: ws://localhost:57296/devtoo..., se:cdpVersion: 104.0.5112.102, setWindowRect: true, strictFileInteractability: false, timeouts: {implicit: 0, pageLoad: 300000, script: 30000}, unhandledPromptBehavior: dismiss and notify, webauthn:extension:credBlob: true, webauthn:extension:largeBlob: true, webauthn:virtualAuthenticators: true}" type="org.openqa.selenium.NoSuchSessionException">
      <![CDATA[org.openqa.selenium.NoSuchSessionException: Session ID is null. Using WebDriver after calling quit()?
Build info: version: '4.1.3', revision: '7b1ebf28ef'
System info: host: 'EC2AMAZ-C4MGU7T', ip: '172.28.16.1', os.name: 'Windows Server 2019', os.arch: 'amd64', os.version: '10.0', java.version: '15.0.2'
Driver info: org.openqa.selenium.chrome.ChromeDriver
Command: [null, findElement {using=xpath, value=//a[@class='navbar-header__logo-link']//img[@class='logo loading']}]
Capabilities {acceptInsecureCerts: false, browserName: chrome, browserVersion: 104.0.5112.102, chrome: {chromedriverVersion: 104.0.5112.79 (3cf3e8c8a07d..., userDataDir: C:\Users\ADMINI~1\AppData\L...}, goog:chromeOptions: {debuggerAddress: localhost:57296}, javascriptEnabled: true, networkConnectionEnabled: false, pageLoadStrategy: normal, platform: WINDOWS, platformName: WINDOWS, proxy: Proxy(), se:cdp: ws://localhost:57296/devtoo..., se:cdpVersion: 104.0.5112.102, setWindowRect: true, strictFileInteractability: false, timeouts: {implicit: 0, pageLoad: 300000, script: 30000}, unhandledPromptBehavior: dismiss and notify, webauthn:extension:credBlob: true, webauthn:extension:largeBlob: true, webauthn:virtualAuthenticators: true}
at org.openqa.selenium.remote.HttpCommandExecutor.execute(HttpCommandExecutor.java:145)
at org.openqa.selenium.remote.service.DriverCommandExecutor.invokeExecute(DriverCommandExecutor.java:167)
at org.openqa.selenium.remote.service.DriverCommandExecutor.execute(DriverCommandExecutor.java:142)
at org.openqa.selenium.remote.RemoteWebDriver.execute(RemoteWebDriver.java:567)
at org.openqa.selenium.remote.ElementLocation$ElementFinder$2.findElement(ElementLocation.java:162)
at org.openqa.selenium.remote.ElementLocation.findElement(ElementLocation.java:60)
at org.openqa.selenium.remote.RemoteWebDriver.findElement(RemoteWebDriver.java:385)
at org.openqa.selenium.remote.RemoteWebDriver.findElement(RemoteWebDriver.java:377)
at org.openqa.selenium.support.pagefactory.DefaultElementLocator.findElement(DefaultElementLocator.java:70)
at org.openqa.selenium.support.pagefactory.internal.LocatingElementHandler.invoke(LocatingElementHandler.java:39)
at com.sun.proxy.$Proxy20.isDisplayed(Unknown Source)
at stepdefs.HomePageStepDefinition.user_clicks_on_brand_logo(HomePageStepDefinition.java:344)
at ✽.user clicks on brand logo(file:///C:/Users/Administrator/eclipse-workspace/TFGHobbs/src/test/resources/features/GuestCustomer_NoFilters_PayByCard_AUS.feature:84)
]]>
    </error>
  </testcase> <!-- runScenario -->
  <system-out/>
  <testcase classname="runner.RunTestNGTest" name="runScenario" time="1.036">
    <failure message="expected [true] but found [false]" type="java.lang.AssertionError">
      <![CDATA[java.lang.AssertionError: expected [true] but found [false]
at org.testng.Assert.fail(Assert.java:97)
at org.testng.Assert.failNotEquals(Assert.java:969)
at org.testng.Assert.assertTrue(Assert.java:43)
at org.testng.Assert.assertTrue(Assert.java:53)
at stepdefs.CheckoutDeliveryStepDefinition.user_clicks_on_continue_to_payment_cta_button(CheckoutDeliveryStepDefinition.java:152)
at ✽.user clicks on continue to Payment CTA button(file:///C:/Users/Administrator/eclipse-workspace/TFGHobbs/src/test/resources/features/GuestCustomer_NoFilters_PayByCard_AUS.feature:63)
]]>
    </failure>
  </testcase> <!-- runScenario -->
  <system-out/>
  <testcase classname="runner.RunTestNGTest" name="runScenario" time="0.052">
    <failure message="expected [true] but found [false]" type="java.lang.AssertionError">
      <![CDATA[java.lang.AssertionError: expected [true] but found [false]
at org.testng.Assert.fail(Assert.java:97)
at org.testng.Assert.failNotEquals(Assert.java:969)
at org.testng.Assert.assertTrue(Assert.java:43)
at org.testng.Assert.assertTrue(Assert.java:53)
at stepdefs.BasketStepDefinition.user_clicks_on_check_out_securely_button(BasketStepDefinition.java:57)
at ✽.user clicks on check out securely button(file:///C:/Users/Administrator/eclipse-workspace/TFGHobbs/src/test/resources/features/GuestCustomer_NoFilters_PayByCard_AUS.feature:36)
]]>
    </failure>
  </testcase> <!-- runScenario -->
  <system-out/>
  <testcase classname="runner.RunTestNGTest" name="runScenario" time="0.070">
    <failure message="expected [true] but found [false]" type="java.lang.AssertionError">
      <![CDATA[java.lang.AssertionError: expected [true] but found [false]
at org.testng.Assert.fail(Assert.java:97)
at org.testng.Assert.failNotEquals(Assert.java:969)
at org.testng.Assert.assertTrue(Assert.java:43)
at org.testng.Assert.assertTrue(Assert.java:53)
at stepdefs.CheckoutLoginStepDefinition.user_enters_an_email_id_on_check_out_login_page(CheckoutLoginStepDefinition.java:89)
at ✽.user enters an <EmailID> on check out login page(file:///C:/Users/Administrator/eclipse-workspace/TFGHobbs/src/test/resources/features/GuestCustomer_NoFilters_PayByCard_AUS.feature:41)
]]>
    </failure>
  </testcase> <!-- runScenario -->
  <system-out/>
  <testcase classname="runner.RunTestNGTest" name="runScenario" time="35.748">
    <failure message="expected [true] but found [false]" type="java.lang.AssertionError">
      <![CDATA[java.lang.AssertionError: expected [true] but found [false]
at org.testng.Assert.fail(Assert.java:97)
at org.testng.Assert.failNotEquals(Assert.java:969)
at org.testng.Assert.assertTrue(Assert.java:43)
at org.testng.Assert.assertTrue(Assert.java:53)
at stepdefs.HomePageStepDefinition.user_is_on_home_page(HomePageStepDefinition.java:205)
at ✽.user is on home page for website "AU"(file:///C:/Users/Administrator/eclipse-workspace/TFGHobbs/src/test/resources/features/GuestCustomer_NoFilters_PayByCard_AUS.feature:10)
]]>
    </failure>
  </testcase> <!-- runScenario -->
  <system-out/>
</testsuite> <!-- runner.RunTestNGTest -->
